<?xml version="1.0" encoding="utf-8"?>
<CoverageSession xmlns:xsd="http://www.w3.org/2001/XMLSchema" xmlns:xsi="http://www.w3.org/2001/XMLSchema-instance">
  <Summary numSequencePoints="1139" visitedSequencePoints="962" numBranchPoints="419" visitedBranchPoints="308" sequenceCoverage="84.46" branchCoverage="73.51" maxCyclomaticComplexity="43" minCyclomaticComplexity="0" visitedClasses="36" numClasses="43" visitedMethods="250" numMethods="301" />
  <Modules>
    <Module skippedDueTo="Filter" hash="36-D8-86-2E-D9-DF-4D-76-6E-C4-1A-AD-30-D5-94-11-A3-E7-D1-C5">
      <ModulePath>C:\WINDOWS\Microsoft.Net\assembly\GAC_32\mscorlib\v4.0_4.0.0.0__b77a5c561934e089\mscorlib.dll</ModulePath>
      <ModuleTime>2018-05-03T02:46:18.6093935Z</ModuleTime>
      <ModuleName>mscorlib</ModuleName>
      <Classes />
    </Module>
    <Module skippedDueTo="MissingPdb" hash="5C-82-E3-E4-4E-4D-70-5F-6E-0A-28-83-6E-4A-AC-20-0D-55-85-C0">
      <ModulePath>C:\Program Files (x86)\Microsoft Visual Studio 14.0\Common7\IDE\mstest.exe</ModulePath>
      <ModuleTime>2015-07-06T19:21:38Z</ModuleTime>
      <ModuleName>MSTest</ModuleName>
      <Classes />
    </Module>
    <Module skippedDueTo="MissingPdb" hash="2C-68-4E-D5-C1-3A-95-ED-B2-9B-A5-AC-35-83-4B-2A-92-7D-EC-71">
      <ModulePath>C:\WINDOWS\assembly\GAC_MSIL\Microsoft.VisualStudio.QualityTools.Common\14.0.0.0__b03f5f7f11d50a3a\Microsoft.VisualStudio.QualityTools.Common.dll</ModulePath>
      <ModuleTime>2017-12-10T05:18:57.5971848Z</ModuleTime>
      <ModuleName>Microsoft.VisualStudio.QualityTools.Common</ModuleName>
      <Classes />
    </Module>
    <Module skippedDueTo="Filter" hash="CB-7B-C7-A0-09-0F-BA-F4-8A-02-A9-E9-2A-7B-43-34-93-46-0F-58">
      <ModulePath>C:\WINDOWS\Microsoft.Net\assembly\GAC_MSIL\System\v4.0_4.0.0.0__b77a5c561934e089\System.dll</ModulePath>
      <ModuleTime>2017-09-29T13:43:06.7717063Z</ModuleTime>
      <ModuleName>System</ModuleName>
      <Classes />
    </Module>
    <Module skippedDueTo="MissingPdb" hash="AA-3B-1D-46-19-3E-D3-88-43-47-D3-1C-48-42-12-21-60-87-13-47">
      <ModulePath>C:\WINDOWS\assembly\GAC_MSIL\Microsoft.VisualStudio.QualityTools.ExecutionCommon\14.0.0.0__b03f5f7f11d50a3a\Microsoft.VisualStudio.QualityTools.ExecutionCommon.dll</ModulePath>
      <ModuleTime>2017-12-10T05:18:58.1909981Z</ModuleTime>
      <ModuleName>Microsoft.VisualStudio.QualityTools.ExecutionCommon</ModuleName>
      <Classes />
    </Module>
    <Module skippedDueTo="MissingPdb" hash="BA-37-91-08-FF-4E-E3-92-22-87-5C-B0-C4-31-B2-CD-D2-72-57-18">
      <ModulePath>C:\WINDOWS\assembly\GAC_MSIL\Microsoft.VisualStudio.QualityTools.Resource\14.0.0.0__b03f5f7f11d50a3a\Microsoft.VisualStudio.QualityTools.Resource.dll</ModulePath>
      <ModuleTime>2017-12-10T05:18:58.3472631Z</ModuleTime>
      <ModuleName>Microsoft.VisualStudio.QualityTools.Resource</ModuleName>
      <Classes />
    </Module>
    <Module skippedDueTo="Filter" hash="62-13-DF-BA-4D-76-38-3A-FE-E9-5E-D8-6C-07-CC-1D-A2-DE-73-52">
      <ModulePath>C:\WINDOWS\Microsoft.Net\assembly\GAC_MSIL\System.Configuration\v4.0_4.0.0.0__b03f5f7f11d50a3a\System.Configuration.dll</ModulePath>
      <ModuleTime>2017-09-29T13:43:06.6154445Z</ModuleTime>
      <ModuleName>System.Configuration</ModuleName>
      <Classes />
    </Module>
    <Module skippedDueTo="Filter" hash="58-2A-4C-0C-25-69-3C-E5-E8-8F-0E-35-DB-19-D0-78-0E-D1-10-FA">
      <ModulePath>C:\WINDOWS\Microsoft.Net\assembly\GAC_MSIL\System.Xml\v4.0_4.0.0.0__b77a5c561934e089\System.Xml.dll</ModulePath>
      <ModuleTime>2017-12-22T03:10:39.7166266Z</ModuleTime>
      <ModuleName>System.Xml</ModuleName>
      <Classes />
    </Module>
    <Module skippedDueTo="MissingPdb" hash="01-76-93-04-A0-DC-E8-05-99-10-09-82-2B-83-D9-A0-07-06-C8-E6">
      <ModulePath>C:\WINDOWS\Microsoft.Net\assembly\GAC_MSIL\Microsoft.VisualStudio.QualityTools.CommandLine\v4.0_14.0.0.0__b03f5f7f11d50a3a\Microsoft.VisualStudio.QualityTools.CommandLine.dll</ModulePath>
      <ModuleTime>2017-12-10T05:18:57.3783759Z</ModuleTime>
      <ModuleName>Microsoft.VisualStudio.QualityTools.CommandLine</ModuleName>
      <Classes />
    </Module>
    <Module skippedDueTo="MissingPdb" hash="04-58-89-F2-0B-CE-93-0E-73-AA-3D-87-9D-5D-45-11-C0-02-86-EF">
      <ModulePath>C:\WINDOWS\assembly\GAC_MSIL\Microsoft.VisualStudio.QualityTools.TMI\14.0.0.0__b03f5f7f11d50a3a\Microsoft.VisualStudio.QualityTools.TMI.dll</ModulePath>
      <ModuleTime>2017-12-10T05:18:59.5348827Z</ModuleTime>
      <ModuleName>Microsoft.VisualStudio.QualityTools.TMI</ModuleName>
      <Classes />
    </Module>
    <Module skippedDueTo="Filter" hash="14-39-BA-31-C2-3C-B7-EE-90-C3-1C-1C-D1-51-7F-15-30-D5-95-A8">
      <ModulePath>C:\WINDOWS\Microsoft.Net\assembly\GAC_32\System.Data\v4.0_4.0.0.0__b77a5c561934e089\System.Data.dll</ModulePath>
      <ModuleTime>2018-02-02T03:35:52.4027595Z</ModuleTime>
      <ModuleName>System.Data</ModuleName>
      <Classes />
    </Module>
    <Module skippedDueTo="Filter" hash="10-59-9A-A7-6D-6E-29-57-52-A6-F4-07-E8-65-83-31-78-46-69-05">
      <ModulePath>C:\WINDOWS\Microsoft.Net\assembly\GAC_MSIL\System.Numerics\v4.0_4.0.0.0__b77a5c561934e089\System.Numerics.dll</ModulePath>
      <ModuleTime>2017-09-29T13:43:06.7092017Z</ModuleTime>
      <ModuleName>System.Numerics</ModuleName>
      <Classes />
    </Module>
    <Module skippedDueTo="Filter" hash="5C-70-ED-9E-9B-8A-F9-7F-CA-3E-6E-C3-03-97-8B-11-97-6C-57-A0">
      <ModulePath>C:\WINDOWS\Microsoft.Net\assembly\GAC_32\System.Web\v4.0_4.0.0.0__b03f5f7f11d50a3a\System.Web.dll</ModulePath>
      <ModuleTime>2018-02-02T03:35:52.5433943Z</ModuleTime>
      <ModuleName>System.Web</ModuleName>
      <Classes />
    </Module>
    <Module skippedDueTo="Filter" hash="00-E4-8B-23-28-1E-7A-F6-0F-D2-F5-0F-0B-97-50-BC-55-63-B2-9D">
      <ModulePath>C:\WINDOWS\Microsoft.Net\assembly\GAC_MSIL\System.Core\v4.0_4.0.0.0__b77a5c561934e089\System.Core.dll</ModulePath>
      <ModuleTime>2018-02-02T03:36:02.9502864Z</ModuleTime>
      <ModuleName>System.Core</ModuleName>
      <Classes />
    </Module>
    <Module skippedDueTo="MissingPdb" hash="00-2B-49-9F-4A-61-6D-2F-9C-36-4D-65-B2-02-E5-3F-54-FB-6D-36">
      <ModulePath>C:\WINDOWS\assembly\GAC_MSIL\Microsoft.VisualStudio.QualityTools.Tips.UnitTest.Tip\14.0.0.0__b03f5f7f11d50a3a\Microsoft.VisualStudio.QualityTools.Tips.UnitTest.Tip.dll</ModulePath>
      <ModuleTime>2017-12-10T05:18:59.3785889Z</ModuleTime>
      <ModuleName>Microsoft.VisualStudio.QualityTools.Tips.UnitTest.Tip</ModuleName>
      <Classes />
    </Module>
    <Module skippedDueTo="MissingPdb" hash="08-45-77-C3-8B-8B-8E-34-A2-92-74-D2-A1-49-2F-C3-33-42-63-88">
      <ModulePath>C:\WINDOWS\assembly\GAC_MSIL\Microsoft.VisualStudio.QualityTools.Tips.UnitTest.ObjectModel\14.0.0.0__b03f5f7f11d50a3a\Microsoft.VisualStudio.QualityTools.Tips.UnitTest.ObjectModel.dll</ModulePath>
      <ModuleTime>2017-12-10T05:18:59.2223595Z</ModuleTime>
      <ModuleName>Microsoft.VisualStudio.QualityTools.Tips.UnitTest.ObjectModel</ModuleName>
      <Classes />
    </Module>
    <Module skippedDueTo="MissingPdb" hash="9C-BD-10-0D-B6-DF-EE-2B-EB-27-DA-26-68-CD-C4-4A-48-7F-7B-09">
      <ModulePath>C:\WINDOWS\assembly\GAC_MSIL\Microsoft.VisualStudio.QualityTools.UnitTestFramework\10.0.0.0__b03f5f7f11d50a3a\Microsoft.VisualStudio.QualityTools.UnitTestFramework.dll</ModulePath>
      <ModuleTime>2017-12-10T05:18:59.7067831Z</ModuleTime>
      <ModuleName>Microsoft.VisualStudio.QualityTools.UnitTestFramework</ModuleName>
      <Classes />
    </Module>
    <Module skippedDueTo="MissingPdb" hash="AA-88-B1-10-85-A9-09-82-99-D7-42-38-22-D6-CB-B7-60-62-C9-9C">
      <ModulePath>C:\WINDOWS\assembly\GAC_MSIL\Microsoft.VisualStudio.QualityTools.Tips.UnitTest.AssemblyResolver\14.0.0.0__b03f5f7f11d50a3a\Microsoft.VisualStudio.QualityTools.Tips.UnitTest.AssemblyResolver.dll</ModulePath>
      <ModuleTime>2017-12-10T05:18:59.0348289Z</ModuleTime>
      <ModuleName>Microsoft.VisualStudio.QualityTools.Tips.UnitTest.AssemblyResolver</ModuleName>
      <Classes />
    </Module>
    <Module skippedDueTo="MissingPdb" hash="58-CE-A7-E0-D8-E6-8C-F3-F8-AF-F0-D2-A0-69-59-2C-79-81-21-97">
      <ModulePath>C:\Program Files (x86)\Microsoft Visual Studio 14.0\Common7\IDE\PrivateAssemblies\Microsoft.VisualStudio.TeamSystem.Licensing.dll</ModulePath>
      <ModuleTime>2015-07-06T19:21:38Z</ModuleTime>
      <ModuleName>Microsoft.VisualStudio.TeamSystem.Licensing</ModuleName>
      <Classes />
    </Module>
    <Module hash="0A-19-DD-E9-82-20-B9-F4-78-0E-9A-C7-BB-7F-85-71-7F-50-93-55">
      <Summary numSequencePoints="347" visitedSequencePoints="341" numBranchPoints="63" visitedBranchPoints="49" sequenceCoverage="98.27" branchCoverage="77.78" maxCyclomaticComplexity="6" minCyclomaticComplexity="1" visitedClasses="7" numClasses="7" visitedMethods="31" numMethods="31" />
      <ModulePath>F:\VisualStudioProjects\FSD\SkillsTracker\SkillsTracker.Tests\bin\Debug\SkillsTracker.Tests.dll</ModulePath>
      <ModuleTime>2018-05-15T05:27:57.5656916Z</ModuleTime>
      <ModuleName>SkillsTracker.Tests</ModuleName>
      <Files>
        <File uid="1" fullPath="F:\VisualStudioProjects\FSD\SkillsTracker\SkillsTracker.Tests\AssociateTests.cs" />
        <File uid="3" fullPath="F:\VisualStudioProjects\FSD\SkillsTracker\SkillsTracker.Tests\MappingProfile.cs" />
        <File uid="4" fullPath="F:\VisualStudioProjects\FSD\SkillsTracker\SkillsTracker.Tests\AssociateSkillsTests.cs" />
        <File uid="6" fullPath="F:\VisualStudioProjects\FSD\SkillsTracker\SkillsTracker.Tests\SkillsTests.cs" />
      </Files>
      <Classes>
        <Class>
          <Summary numSequencePoints="0" visitedSequencePoints="0" numBranchPoints="0" visitedBranchPoints="0" sequenceCoverage="0" branchCoverage="0" maxCyclomaticComplexity="0" minCyclomaticComplexity="0" visitedClasses="0" numClasses="0" visitedMethods="0" numMethods="0" />
          <FullName>&lt;Module&gt;</FullName>
          <Methods />
        </Class>
        <Class>
          <Summary numSequencePoints="184" visitedSequencePoints="184" numBranchPoints="37" visitedBranchPoints="27" sequenceCoverage="100" branchCoverage="72.97" maxCyclomaticComplexity="6" minCyclomaticComplexity="1" visitedClasses="1" numClasses="1" visitedMethods="13" numMethods="13" />
          <FullName>AssociatesTracker.Tests.AssociateTests</FullName>
          <Methods>
            <Method visited="true" cyclomaticComplexity="2" nPathComplexity="0" sequenceCoverage="100" branchCoverage="100" isConstructor="false" isStatic="true" isGetter="false" isSetter="false">
              <Summary numSequencePoints="5" visitedSequencePoints="5" numBranchPoints="1" visitedBranchPoints="1" sequenceCoverage="100" branchCoverage="100" maxCyclomaticComplexity="2" minCyclomaticComplexity="2" visitedClasses="0" numClasses="0" visitedMethods="1" numMethods="1" />
              <MetadataToken>100663297</MetadataToken>
              <Name>System.Void AssociatesTracker.Tests.AssociateTests::Initialize(Microsoft.VisualStudio.TestTools.UnitTesting.TestContext)</Name>
              <FileRef uid="1" />
              <SequencePoints>
                <SequencePoint vc="1" uspid="1" ordinal="0" offset="0" sl="22" sc="9" el="22" ec="10" bec="0" bev="0" fileid="1" />
                <SequencePoint vc="1" uspid="2" ordinal="1" offset="1" sl="23" sc="13" el="23" ec="62" bec="0" bev="0" fileid="1" />
                <SequencePoint vc="1" uspid="3" ordinal="2" offset="11" sl="25" sc="13" el="25" ec="28" bec="0" bev="0" fileid="1" />
                <SequencePoint vc="1" uspid="4" ordinal="3" offset="17" sl="26" sc="13" el="26" ec="78" bec="0" bev="0" fileid="1" />
                <SequencePoint vc="1" uspid="5" ordinal="4" offset="54" sl="27" sc="9" el="27" ec="10" bec="0" bev="0" fileid="1" />
              </SequencePoints>
              <BranchPoints />
              <MethodPoint xsi:type="SequencePoint" vc="1" uspid="1" ordinal="0" offset="0" sl="22" sc="9" el="22" ec="10" bec="0" bev="0" fileid="1" />
            </Method>
            <Method visited="true" cyclomaticComplexity="3" nPathComplexity="4" sequenceCoverage="100" branchCoverage="80" isConstructor="false" isStatic="false" isGetter="false" isSetter="false">
              <Summary numSequencePoints="18" visitedSequencePoints="18" numBranchPoints="5" visitedBranchPoints="4" sequenceCoverage="100" branchCoverage="80" maxCyclomaticComplexity="3" minCyclomaticComplexity="3" visitedClasses="0" numClasses="0" visitedMethods="1" numMethods="1" />
              <MetadataToken>100663298</MetadataToken>
              <Name>System.Void AssociatesTracker.Tests.AssociateTests::AddNewAssociate_ValidAssociate_ReturnsAllAssociates()</Name>
              <FileRef uid="1" />
              <SequencePoints>
                <SequencePoint vc="3" uspid="8" ordinal="0" offset="0" sl="31" sc="9" el="31" ec="10" bec="0" bev="0" fileid="1" />
                <SequencePoint vc="3" uspid="9" ordinal="1" offset="1" sl="32" sc="13" el="32" ec="43" bec="0" bev="0" fileid="1" />
                <SequencePoint vc="3" uspid="10" ordinal="2" offset="8" sl="35" sc="13" el="35" ec="14" bec="0" bev="0" fileid="1" />
                <SequencePoint vc="3" uspid="11" ordinal="3" offset="9" sl="36" sc="17" el="36" ec="55" bec="0" bev="0" fileid="1" />
                <SequencePoint vc="3" uspid="12" ordinal="4" offset="20" sl="38" sc="17" el="38" ec="75" bec="0" bev="0" fileid="1" />
                <SequencePoint vc="3" uspid="13" ordinal="5" offset="32" sl="39" sc="17" el="39" ec="109" bec="0" bev="0" fileid="1" />
                <SequencePoint vc="3" uspid="14" ordinal="6" offset="39" sl="40" sc="17" el="40" ec="45" bec="2" bev="1" fileid="1" />
                <SequencePoint vc="3" uspid="15" ordinal="7" offset="52" sl="41" sc="17" el="41" ec="18" bec="0" bev="0" fileid="1" />
                <SequencePoint vc="3" uspid="16" ordinal="8" offset="53" sl="42" sc="21" el="42" ec="45" bec="0" bev="0" fileid="1" />
                <SequencePoint vc="3" uspid="17" ordinal="9" offset="55" sl="44" sc="21" el="59" ec="23" bec="0" bev="0" fileid="1" />
                <SequencePoint vc="3" uspid="18" ordinal="10" offset="230" sl="61" sc="21" el="61" ec="91" bec="0" bev="0" fileid="1" />
                <SequencePoint vc="3" uspid="19" ordinal="11" offset="244" sl="62" sc="21" el="62" ec="110" bec="0" bev="0" fileid="1" />
                <SequencePoint vc="3" uspid="20" ordinal="12" offset="253" sl="64" sc="21" el="64" ec="53" bec="0" bev="0" fileid="1" />
                <SequencePoint vc="3" uspid="21" ordinal="13" offset="261" sl="65" sc="21" el="65" ec="61" bec="0" bev="0" fileid="1" />
                <SequencePoint vc="3" uspid="22" ordinal="14" offset="274" sl="66" sc="17" el="66" ec="18" bec="0" bev="0" fileid="1" />
                <SequencePoint vc="3" uspid="23" ordinal="15" offset="275" sl="67" sc="13" el="67" ec="14" bec="0" bev="0" fileid="1" />
                <SequencePoint vc="6" uspid="24" ordinal="16" offset="276" sl="34" sc="13" el="34" ec="38" bec="2" bev="2" fileid="1" />
                <SequencePoint vc="3" uspid="25" ordinal="17" offset="289" sl="68" sc="9" el="68" ec="10" bec="0" bev="0" fileid="1" />
              </SequencePoints>
              <BranchPoints>
                <BranchPoint vc="3" uspid="26" ordinal="0" offset="47" sl="40" path="0" offsetend="52" fileid="1" />
                <BranchPoint vc="0" uspid="27" ordinal="1" offset="47" sl="40" path="1" offsetend="275" fileid="1" />
                <BranchPoint vc="3" uspid="28" ordinal="2" offset="284" sl="34" path="0" offsetend="289" fileid="1" />
                <BranchPoint vc="3" uspid="29" ordinal="3" offset="284" sl="34" path="1" offsetend="8" fileid="1" />
              </BranchPoints>
              <MethodPoint xsi:type="SequencePoint" vc="3" uspid="8" ordinal="0" offset="0" sl="31" sc="9" el="31" ec="10" bec="0" bev="0" fileid="1" />
            </Method>
            <Method visited="true" cyclomaticComplexity="6" nPathComplexity="16" sequenceCoverage="100" branchCoverage="66.67" isConstructor="false" isStatic="false" isGetter="false" isSetter="false">
              <Summary numSequencePoints="26" visitedSequencePoints="26" numBranchPoints="9" visitedBranchPoints="6" sequenceCoverage="100" branchCoverage="66.67" maxCyclomaticComplexity="6" minCyclomaticComplexity="6" visitedClasses="0" numClasses="0" visitedMethods="1" numMethods="1" />
              <MetadataToken>100663299</MetadataToken>
              <Name>System.Void AssociatesTracker.Tests.AssociateTests::AddNewAssociateWithSkills_ValidAssociate_ReturnsAllAssociates()</Name>
              <FileRef uid="1" />
              <SequencePoints>
                <SequencePoint vc="1" uspid="30" ordinal="0" offset="0" sl="72" sc="9" el="72" ec="10" bec="0" bev="0" fileid="1" />
                <SequencePoint vc="1" uspid="31" ordinal="1" offset="1" sl="73" sc="13" el="73" ec="43" bec="0" bev="0" fileid="1" />
                <SequencePoint vc="1" uspid="32" ordinal="2" offset="3" sl="74" sc="13" el="74" ec="61" bec="0" bev="0" fileid="1" />
                <SequencePoint vc="1" uspid="33" ordinal="3" offset="10" sl="77" sc="13" el="77" ec="14" bec="0" bev="0" fileid="1" />
                <SequencePoint vc="1" uspid="34" ordinal="4" offset="11" sl="78" sc="17" el="78" ec="55" bec="0" bev="0" fileid="1" />
                <SequencePoint vc="1" uspid="35" ordinal="5" offset="22" sl="80" sc="17" el="80" ec="75" bec="0" bev="0" fileid="1" />
                <SequencePoint vc="1" uspid="36" ordinal="6" offset="34" sl="81" sc="17" el="81" ec="109" bec="0" bev="0" fileid="1" />
                <SequencePoint vc="1" uspid="37" ordinal="7" offset="42" sl="82" sc="17" el="82" ec="45" bec="2" bev="1" fileid="1" />
                <SequencePoint vc="1" uspid="38" ordinal="8" offset="56" sl="83" sc="17" el="83" ec="18" bec="0" bev="0" fileid="1" />
                <SequencePoint vc="1" uspid="39" ordinal="9" offset="57" sl="84" sc="21" el="84" ec="45" bec="0" bev="0" fileid="1" />
                <SequencePoint vc="1" uspid="40" ordinal="10" offset="59" sl="86" sc="21" el="86" ec="98" bec="0" bev="0" fileid="1" />
                <SequencePoint vc="1" uspid="41" ordinal="11" offset="71" sl="87" sc="21" el="87" ec="128" bec="0" bev="0" fileid="1" />
                <SequencePoint vc="1" uspid="42" ordinal="12" offset="80" sl="89" sc="21" el="89" ec="53" bec="2" bev="1" fileid="1" />
                <SequencePoint vc="1" uspid="43" ordinal="13" offset="91" sl="90" sc="21" el="90" ec="22" bec="0" bev="0" fileid="1" />
                <SequencePoint vc="1" uspid="44" ordinal="14" offset="92" sl="91" sc="25" el="91" ec="74" bec="0" bev="0" fileid="1" />
                <SequencePoint vc="1" uspid="45" ordinal="15" offset="98" sl="92" sc="25" el="92" ec="91" bec="0" bev="0" fileid="1" />
                <SequencePoint vc="1" uspid="46" ordinal="16" offset="117" sl="93" sc="21" el="93" ec="22" bec="0" bev="0" fileid="1" />
                <SequencePoint vc="1" uspid="47" ordinal="17" offset="118" sl="95" sc="21" el="114" ec="23" bec="2" bev="1" fileid="1" />
                <SequencePoint vc="1" uspid="48" ordinal="18" offset="324" sl="116" sc="21" el="116" ec="110" bec="0" bev="0" fileid="1" />
                <SequencePoint vc="1" uspid="49" ordinal="19" offset="338" sl="117" sc="21" el="117" ec="89" bec="0" bev="0" fileid="1" />
                <SequencePoint vc="1" uspid="50" ordinal="20" offset="347" sl="119" sc="21" el="119" ec="53" bec="0" bev="0" fileid="1" />
                <SequencePoint vc="1" uspid="51" ordinal="21" offset="355" sl="120" sc="21" el="120" ec="58" bec="0" bev="0" fileid="1" />
                <SequencePoint vc="1" uspid="52" ordinal="22" offset="368" sl="121" sc="17" el="121" ec="18" bec="0" bev="0" fileid="1" />
                <SequencePoint vc="1" uspid="53" ordinal="23" offset="369" sl="122" sc="13" el="122" ec="14" bec="0" bev="0" fileid="1" />
                <SequencePoint vc="2" uspid="54" ordinal="24" offset="370" sl="76" sc="13" el="76" ec="38" bec="2" bev="2" fileid="1" />
                <SequencePoint vc="1" uspid="55" ordinal="25" offset="383" sl="123" sc="9" el="123" ec="10" bec="0" bev="0" fileid="1" />
              </SequencePoints>
              <BranchPoints>
                <BranchPoint vc="1" uspid="56" ordinal="0" offset="51" sl="82" path="0" offsetend="56" fileid="1" />
                <BranchPoint vc="0" uspid="57" ordinal="1" offset="51" sl="82" path="1" offsetend="369" fileid="1" />
                <BranchPoint vc="1" uspid="58" ordinal="2" offset="89" sl="89" path="0" offsetend="91" fileid="1" />
                <BranchPoint vc="0" uspid="59" ordinal="3" offset="89" sl="89" path="1" offsetend="118" fileid="1" />
                <BranchPoint vc="0" uspid="60" ordinal="4" offset="305" sl="95" path="0" offsetend="307" fileid="1" />
                <BranchPoint vc="1" uspid="61" ordinal="5" offset="305" sl="95" path="1" offsetend="310" fileid="1" />
                <BranchPoint vc="1" uspid="62" ordinal="6" offset="378" sl="76" path="0" offsetend="383" fileid="1" />
                <BranchPoint vc="1" uspid="63" ordinal="7" offset="378" sl="76" path="1" offsetend="10" fileid="1" />
              </BranchPoints>
              <MethodPoint xsi:type="SequencePoint" vc="1" uspid="30" ordinal="0" offset="0" sl="72" sc="9" el="72" ec="10" bec="0" bev="0" fileid="1" />
            </Method>
            <Method visited="true" cyclomaticComplexity="1" nPathComplexity="0" sequenceCoverage="100" branchCoverage="100" isConstructor="false" isStatic="false" isGetter="false" isSetter="false">
              <Summary numSequencePoints="6" visitedSequencePoints="6" numBranchPoints="1" visitedBranchPoints="1" sequenceCoverage="100" branchCoverage="100" maxCyclomaticComplexity="1" minCyclomaticComplexity="1" visitedClasses="0" numClasses="0" visitedMethods="1" numMethods="1" />
              <MetadataToken>100663300</MetadataToken>
              <Name>System.Void AssociatesTracker.Tests.AssociateTests::GetAssociates_All_ReturnsAllCategories()</Name>
              <FileRef uid="1" />
              <SequencePoints>
                <SequencePoint vc="1" uspid="64" ordinal="0" offset="0" sl="127" sc="9" el="127" ec="10" bec="0" bev="0" fileid="1" />
                <SequencePoint vc="1" uspid="65" ordinal="1" offset="1" sl="128" sc="13" el="128" ec="73" bec="0" bev="0" fileid="1" />
                <SequencePoint vc="1" uspid="66" ordinal="2" offset="12" sl="129" sc="13" el="129" ec="102" bec="0" bev="0" fileid="1" />
                <SequencePoint vc="1" uspid="67" ordinal="3" offset="19" sl="131" sc="13" el="131" ec="45" bec="0" bev="0" fileid="1" />
                <SequencePoint vc="1" uspid="68" ordinal="4" offset="26" sl="132" sc="13" el="132" ec="53" bec="0" bev="0" fileid="1" />
                <SequencePoint vc="1" uspid="69" ordinal="5" offset="38" sl="133" sc="9" el="133" ec="10" bec="0" bev="0" fileid="1" />
              </SequencePoints>
              <BranchPoints />
              <MethodPoint xsi:type="SequencePoint" vc="1" uspid="64" ordinal="0" offset="0" sl="127" sc="9" el="127" ec="10" bec="0" bev="0" fileid="1" />
            </Method>
            <Method visited="true" cyclomaticComplexity="1" nPathComplexity="0" sequenceCoverage="100" branchCoverage="100" isConstructor="false" isStatic="false" isGetter="false" isSetter="false">
              <Summary numSequencePoints="12" visitedSequencePoints="12" numBranchPoints="1" visitedBranchPoints="1" sequenceCoverage="100" branchCoverage="100" maxCyclomaticComplexity="1" minCyclomaticComplexity="1" visitedClasses="0" numClasses="0" visitedMethods="1" numMethods="1" />
              <MetadataToken>100663301</MetadataToken>
              <Name>System.Void AssociatesTracker.Tests.AssociateTests::GetAssociate_PassAssociateId_ReturnsValidAssociate()</Name>
              <FileRef uid="1" />
              <SequencePoints>
                <SequencePoint vc="1" uspid="70" ordinal="0" offset="0" sl="137" sc="9" el="137" ec="10" bec="0" bev="0" fileid="1" />
                <SequencePoint vc="1" uspid="71" ordinal="1" offset="1" sl="138" sc="13" el="138" ec="73" bec="0" bev="0" fileid="1" />
                <SequencePoint vc="1" uspid="72" ordinal="2" offset="12" sl="139" sc="13" el="139" ec="102" bec="0" bev="0" fileid="1" />
                <SequencePoint vc="1" uspid="73" ordinal="3" offset="19" sl="141" sc="13" el="141" ec="45" bec="0" bev="0" fileid="1" />
                <SequencePoint vc="1" uspid="74" ordinal="4" offset="26" sl="142" sc="13" el="142" ec="53" bec="0" bev="0" fileid="1" />
                <SequencePoint vc="1" uspid="75" ordinal="5" offset="38" sl="144" sc="13" el="144" ec="68" bec="0" bev="0" fileid="1" />
                <SequencePoint vc="1" uspid="76" ordinal="6" offset="50" sl="146" sc="13" el="146" ec="97" bec="0" bev="0" fileid="1" />
                <SequencePoint vc="1" uspid="77" ordinal="7" offset="67" sl="147" sc="13" el="147" ec="95" bec="0" bev="0" fileid="1" />
                <SequencePoint vc="1" uspid="78" ordinal="8" offset="75" sl="149" sc="13" el="149" ec="48" bec="0" bev="0" fileid="1" />
                <SequencePoint vc="1" uspid="79" ordinal="9" offset="83" sl="150" sc="13" el="150" ec="56" bec="0" bev="0" fileid="1" />
                <SequencePoint vc="1" uspid="80" ordinal="10" offset="96" sl="151" sc="13" el="151" ec="90" bec="0" bev="0" fileid="1" />
                <SequencePoint vc="1" uspid="81" ordinal="11" offset="120" sl="152" sc="9" el="152" ec="10" bec="0" bev="0" fileid="1" />
              </SequencePoints>
              <BranchPoints />
              <MethodPoint xsi:type="SequencePoint" vc="1" uspid="70" ordinal="0" offset="0" sl="137" sc="9" el="137" ec="10" bec="0" bev="0" fileid="1" />
            </Method>
            <Method visited="true" cyclomaticComplexity="1" nPathComplexity="0" sequenceCoverage="100" branchCoverage="100" isConstructor="false" isStatic="false" isGetter="false" isSetter="false">
              <Summary numSequencePoints="12" visitedSequencePoints="12" numBranchPoints="1" visitedBranchPoints="1" sequenceCoverage="100" branchCoverage="100" maxCyclomaticComplexity="1" minCyclomaticComplexity="1" visitedClasses="0" numClasses="0" visitedMethods="1" numMethods="1" />
              <MetadataToken>100663302</MetadataToken>
              <Name>System.Void AssociatesTracker.Tests.AssociateTests::GetAssociateWithSkills_PassAssociateId_ReturnsValidAssociate()</Name>
              <FileRef uid="1" />
              <SequencePoints>
                <SequencePoint vc="1" uspid="82" ordinal="0" offset="0" sl="156" sc="9" el="156" ec="10" bec="0" bev="0" fileid="1" />
                <SequencePoint vc="1" uspid="83" ordinal="1" offset="1" sl="157" sc="13" el="157" ec="73" bec="0" bev="0" fileid="1" />
                <SequencePoint vc="1" uspid="84" ordinal="2" offset="12" sl="158" sc="13" el="158" ec="102" bec="0" bev="0" fileid="1" />
                <SequencePoint vc="1" uspid="85" ordinal="3" offset="19" sl="160" sc="13" el="160" ec="45" bec="0" bev="0" fileid="1" />
                <SequencePoint vc="1" uspid="86" ordinal="4" offset="26" sl="161" sc="13" el="161" ec="53" bec="0" bev="0" fileid="1" />
                <SequencePoint vc="1" uspid="87" ordinal="5" offset="38" sl="163" sc="13" el="163" ec="68" bec="0" bev="0" fileid="1" />
                <SequencePoint vc="1" uspid="88" ordinal="6" offset="50" sl="165" sc="13" el="165" ec="116" bec="0" bev="0" fileid="1" />
                <SequencePoint vc="1" uspid="89" ordinal="7" offset="67" sl="166" sc="13" el="166" ec="105" bec="0" bev="0" fileid="1" />
                <SequencePoint vc="1" uspid="90" ordinal="8" offset="75" sl="168" sc="13" el="168" ec="48" bec="0" bev="0" fileid="1" />
                <SequencePoint vc="1" uspid="91" ordinal="9" offset="83" sl="169" sc="13" el="169" ec="56" bec="0" bev="0" fileid="1" />
                <SequencePoint vc="1" uspid="92" ordinal="10" offset="96" sl="170" sc="13" el="170" ec="100" bec="0" bev="0" fileid="1" />
                <SequencePoint vc="1" uspid="93" ordinal="11" offset="125" sl="171" sc="9" el="171" ec="10" bec="0" bev="0" fileid="1" />
              </SequencePoints>
              <BranchPoints />
              <MethodPoint xsi:type="SequencePoint" vc="1" uspid="82" ordinal="0" offset="0" sl="156" sc="9" el="156" ec="10" bec="0" bev="0" fileid="1" />
            </Method>
            <Method visited="true" cyclomaticComplexity="1" nPathComplexity="0" sequenceCoverage="100" branchCoverage="100" isConstructor="false" isStatic="false" isGetter="false" isSetter="false">
              <Summary numSequencePoints="7" visitedSequencePoints="7" numBranchPoints="1" visitedBranchPoints="1" sequenceCoverage="100" branchCoverage="100" maxCyclomaticComplexity="1" minCyclomaticComplexity="1" visitedClasses="0" numClasses="0" visitedMethods="1" numMethods="1" />
              <MetadataToken>100663303</MetadataToken>
              <Name>System.Void AssociatesTracker.Tests.AssociateTests::ValidateAssociateModel_ValidAssociate_ReturnsTrue()</Name>
              <FileRef uid="1" />
              <SequencePoints>
                <SequencePoint vc="1" uspid="94" ordinal="0" offset="0" sl="175" sc="9" el="175" ec="10" bec="0" bev="0" fileid="1" />
                <SequencePoint vc="1" uspid="95" ordinal="1" offset="1" sl="176" sc="13" el="182" ec="15" bec="0" bev="0" fileid="1" />
                <SequencePoint vc="1" uspid="96" ordinal="2" offset="100" sl="184" sc="13" el="184" ec="113" bec="0" bev="0" fileid="1" />
                <SequencePoint vc="1" uspid="97" ordinal="3" offset="109" sl="185" sc="13" el="185" ec="56" bec="0" bev="0" fileid="1" />
                <SequencePoint vc="1" uspid="98" ordinal="4" offset="115" sl="186" sc="13" el="186" ec="103" bec="0" bev="0" fileid="1" />
                <SequencePoint vc="1" uspid="99" ordinal="5" offset="125" sl="188" sc="13" el="188" ec="46" bec="0" bev="0" fileid="1" />
                <SequencePoint vc="1" uspid="100" ordinal="6" offset="132" sl="189" sc="9" el="189" ec="10" bec="0" bev="0" fileid="1" />
              </SequencePoints>
              <BranchPoints />
              <MethodPoint xsi:type="SequencePoint" vc="1" uspid="94" ordinal="0" offset="0" sl="175" sc="9" el="175" ec="10" bec="0" bev="0" fileid="1" />
            </Method>
            <Method visited="true" cyclomaticComplexity="2" nPathComplexity="2" sequenceCoverage="100" branchCoverage="66.67" isConstructor="false" isStatic="false" isGetter="false" isSetter="false">
              <Summary numSequencePoints="18" visitedSequencePoints="18" numBranchPoints="3" visitedBranchPoints="2" sequenceCoverage="100" branchCoverage="66.67" maxCyclomaticComplexity="2" minCyclomaticComplexity="2" visitedClasses="0" numClasses="0" visitedMethods="1" numMethods="1" />
              <MetadataToken>100663304</MetadataToken>
              <Name>System.Void AssociatesTracker.Tests.AssociateTests::UpdateAssociate_ValidAssociate_ReturnsTrue()</Name>
              <FileRef uid="1" />
              <SequencePoints>
                <SequencePoint vc="1" uspid="101" ordinal="0" offset="0" sl="193" sc="9" el="193" ec="10" bec="0" bev="0" fileid="1" />
                <SequencePoint vc="1" uspid="102" ordinal="1" offset="1" sl="194" sc="13" el="194" ec="67" bec="0" bev="0" fileid="1" />
                <SequencePoint vc="1" uspid="103" ordinal="2" offset="8" sl="196" sc="13" el="196" ec="73" bec="0" bev="0" fileid="1" />
                <SequencePoint vc="1" uspid="104" ordinal="3" offset="19" sl="197" sc="13" el="197" ec="102" bec="0" bev="0" fileid="1" />
                <SequencePoint vc="1" uspid="105" ordinal="4" offset="26" sl="199" sc="13" el="199" ec="39" bec="2" bev="1" fileid="1" />
                <SequencePoint vc="1" uspid="106" ordinal="5" offset="37" sl="200" sc="13" el="200" ec="14" bec="0" bev="0" fileid="1" />
                <SequencePoint vc="1" uspid="107" ordinal="6" offset="38" sl="201" sc="17" el="201" ec="72" bec="0" bev="0" fileid="1" />
                <SequencePoint vc="1" uspid="108" ordinal="7" offset="50" sl="202" sc="17" el="202" ec="86" bec="0" bev="0" fileid="1" />
                <SequencePoint vc="1" uspid="109" ordinal="8" offset="82" sl="204" sc="17" el="204" ec="115" bec="0" bev="0" fileid="1" />
                <SequencePoint vc="1" uspid="110" ordinal="9" offset="101" sl="205" sc="17" el="205" ec="97" bec="0" bev="0" fileid="1" />
                <SequencePoint vc="1" uspid="111" ordinal="10" offset="110" sl="207" sc="17" el="207" ec="49" bec="0" bev="0" fileid="1" />
                <SequencePoint vc="1" uspid="112" ordinal="11" offset="117" sl="208" sc="17" el="208" ec="60" bec="0" bev="0" fileid="1" />
                <SequencePoint vc="1" uspid="113" ordinal="12" offset="130" sl="210" sc="17" el="210" ec="101" bec="0" bev="0" fileid="1" />
                <SequencePoint vc="1" uspid="114" ordinal="13" offset="148" sl="211" sc="17" el="211" ec="99" bec="0" bev="0" fileid="1" />
                <SequencePoint vc="1" uspid="115" ordinal="14" offset="157" sl="213" sc="17" el="213" ec="52" bec="0" bev="0" fileid="1" />
                <SequencePoint vc="1" uspid="116" ordinal="15" offset="165" sl="214" sc="17" el="214" ec="80" bec="0" bev="0" fileid="1" />
                <SequencePoint vc="1" uspid="117" ordinal="16" offset="189" sl="215" sc="13" el="215" ec="14" bec="0" bev="0" fileid="1" />
                <SequencePoint vc="1" uspid="118" ordinal="17" offset="190" sl="216" sc="9" el="216" ec="10" bec="0" bev="0" fileid="1" />
              </SequencePoints>
              <BranchPoints>
                <BranchPoint vc="1" uspid="119" ordinal="0" offset="32" sl="199" path="0" offsetend="37" fileid="1" />
                <BranchPoint vc="0" uspid="120" ordinal="1" offset="32" sl="199" path="1" offsetend="190" fileid="1" />
              </BranchPoints>
              <MethodPoint xsi:type="SequencePoint" vc="1" uspid="101" ordinal="0" offset="0" sl="193" sc="9" el="193" ec="10" bec="0" bev="0" fileid="1" />
            </Method>
            <Method visited="true" cyclomaticComplexity="5" nPathComplexity="16" sequenceCoverage="100" branchCoverage="55.56" isConstructor="false" isStatic="false" isGetter="false" isSetter="false">
              <Summary numSequencePoints="34" visitedSequencePoints="34" numBranchPoints="9" visitedBranchPoints="5" sequenceCoverage="100" branchCoverage="55.56" maxCyclomaticComplexity="5" minCyclomaticComplexity="5" visitedClasses="0" numClasses="0" visitedMethods="1" numMethods="1" />
              <MetadataToken>100663305</MetadataToken>
              <Name>System.Void AssociatesTracker.Tests.AssociateTests::UpdateAssociateWithSkills_ValidAssociate_ReturnsAllAssociates()</Name>
              <FileRef uid="1" />
              <SequencePoints>
                <SequencePoint vc="1" uspid="121" ordinal="0" offset="0" sl="220" sc="9" el="220" ec="10" bec="0" bev="0" fileid="1" />
                <SequencePoint vc="1" uspid="122" ordinal="1" offset="1" sl="221" sc="13" el="221" ec="73" bec="0" bev="0" fileid="1" />
                <SequencePoint vc="1" uspid="123" ordinal="2" offset="12" sl="222" sc="13" el="222" ec="102" bec="0" bev="0" fileid="1" />
                <SequencePoint vc="1" uspid="124" ordinal="3" offset="19" sl="224" sc="13" el="224" ec="39" bec="2" bev="1" fileid="1" />
                <SequencePoint vc="1" uspid="125" ordinal="4" offset="30" sl="225" sc="13" el="225" ec="14" bec="0" bev="0" fileid="1" />
                <SequencePoint vc="1" uspid="126" ordinal="5" offset="31" sl="226" sc="17" el="226" ec="72" bec="0" bev="0" fileid="1" />
                <SequencePoint vc="1" uspid="127" ordinal="6" offset="43" sl="228" sc="17" el="228" ec="122" bec="0" bev="0" fileid="1" />
                <SequencePoint vc="1" uspid="128" ordinal="7" offset="61" sl="229" sc="17" el="229" ec="119" bec="0" bev="0" fileid="1" />
                <SequencePoint vc="1" uspid="129" ordinal="8" offset="70" sl="231" sc="17" el="231" ec="76" bec="0" bev="0" fileid="1" />
                <SequencePoint vc="1" uspid="130" ordinal="9" offset="79" sl="233" sc="17" el="233" ec="49" bec="2" bev="1" fileid="1" />
                <SequencePoint vc="1" uspid="131" ordinal="10" offset="93" sl="234" sc="17" el="234" ec="18" bec="0" bev="0" fileid="1" />
                <SequencePoint vc="1" uspid="132" ordinal="11" offset="94" sl="235" sc="21" el="235" ec="118" bec="0" bev="0" fileid="1" />
                <SequencePoint vc="1" uspid="133" ordinal="12" offset="132" sl="237" sc="21" el="237" ec="59" bec="2" bev="1" fileid="1" />
                <SequencePoint vc="1" uspid="134" ordinal="13" offset="148" sl="238" sc="21" el="238" ec="22" bec="0" bev="0" fileid="1" />
                <SequencePoint vc="1" uspid="135" ordinal="14" offset="149" sl="239" sc="25" el="239" ec="102" bec="0" bev="0" fileid="1" />
                <SequencePoint vc="1" uspid="136" ordinal="15" offset="161" sl="240" sc="25" el="240" ec="132" bec="0" bev="0" fileid="1" />
                <SequencePoint vc="1" uspid="137" ordinal="16" offset="170" sl="242" sc="25" el="242" ec="57" bec="2" bev="1" fileid="1" />
                <SequencePoint vc="1" uspid="138" ordinal="17" offset="181" sl="243" sc="25" el="243" ec="26" bec="0" bev="0" fileid="1" />
                <SequencePoint vc="1" uspid="139" ordinal="18" offset="182" sl="244" sc="29" el="244" ec="85" bec="0" bev="0" fileid="1" />
                <SequencePoint vc="1" uspid="140" ordinal="19" offset="189" sl="245" sc="29" el="245" ec="98" bec="0" bev="0" fileid="1" />
                <SequencePoint vc="1" uspid="141" ordinal="20" offset="209" sl="247" sc="29" el="247" ec="87" bec="0" bev="0" fileid="1" />
                <SequencePoint vc="1" uspid="142" ordinal="21" offset="224" sl="248" sc="25" el="248" ec="26" bec="0" bev="0" fileid="1" />
                <SequencePoint vc="1" uspid="143" ordinal="22" offset="225" sl="249" sc="21" el="249" ec="22" bec="0" bev="0" fileid="1" />
                <SequencePoint vc="1" uspid="144" ordinal="23" offset="226" sl="251" sc="21" el="251" ec="128" bec="0" bev="0" fileid="1" />
                <SequencePoint vc="1" uspid="145" ordinal="24" offset="240" sl="252" sc="21" el="252" ec="101" bec="0" bev="0" fileid="1" />
                <SequencePoint vc="1" uspid="146" ordinal="25" offset="249" sl="254" sc="21" el="254" ec="58" bec="0" bev="0" fileid="1" />
                <SequencePoint vc="1" uspid="147" ordinal="26" offset="257" sl="255" sc="21" el="255" ec="64" bec="0" bev="0" fileid="1" />
                <SequencePoint vc="1" uspid="148" ordinal="27" offset="270" sl="257" sc="21" el="257" ec="105" bec="0" bev="0" fileid="1" />
                <SequencePoint vc="1" uspid="149" ordinal="28" offset="288" sl="258" sc="21" el="258" ec="103" bec="0" bev="0" fileid="1" />
                <SequencePoint vc="1" uspid="150" ordinal="29" offset="297" sl="260" sc="21" el="260" ec="56" bec="0" bev="0" fileid="1" />
                <SequencePoint vc="1" uspid="151" ordinal="30" offset="305" sl="261" sc="21" el="261" ec="104" bec="0" bev="0" fileid="1" />
                <SequencePoint vc="1" uspid="152" ordinal="31" offset="335" sl="262" sc="17" el="262" ec="18" bec="0" bev="0" fileid="1" />
                <SequencePoint vc="1" uspid="153" ordinal="32" offset="336" sl="263" sc="13" el="263" ec="14" bec="0" bev="0" fileid="1" />
                <SequencePoint vc="1" uspid="154" ordinal="33" offset="337" sl="264" sc="9" el="264" ec="10" bec="0" bev="0" fileid="1" />
              </SequencePoints>
              <BranchPoints>
                <BranchPoint vc="1" uspid="155" ordinal="0" offset="25" sl="224" path="0" offsetend="30" fileid="1" />
                <BranchPoint vc="0" uspid="156" ordinal="1" offset="25" sl="224" path="1" offsetend="337" fileid="1" />
                <BranchPoint vc="1" uspid="157" ordinal="2" offset="88" sl="233" path="0" offsetend="93" fileid="1" />
                <BranchPoint vc="0" uspid="158" ordinal="3" offset="88" sl="233" path="1" offsetend="336" fileid="1" />
                <BranchPoint vc="1" uspid="159" ordinal="4" offset="146" sl="237" path="0" offsetend="148" fileid="1" />
                <BranchPoint vc="0" uspid="160" ordinal="5" offset="146" sl="237" path="1" offsetend="226" fileid="1" />
                <BranchPoint vc="1" uspid="161" ordinal="6" offset="179" sl="242" path="0" offsetend="181" fileid="1" />
                <BranchPoint vc="0" uspid="162" ordinal="7" offset="179" sl="242" path="1" offsetend="225" fileid="1" />
              </BranchPoints>
              <MethodPoint xsi:type="SequencePoint" vc="1" uspid="121" ordinal="0" offset="0" sl="220" sc="9" el="220" ec="10" bec="0" bev="0" fileid="1" />
            </Method>
            <Method visited="true" cyclomaticComplexity="2" nPathComplexity="2" sequenceCoverage="100" branchCoverage="66.67" isConstructor="false" isStatic="false" isGetter="false" isSetter="false">
              <Summary numSequencePoints="16" visitedSequencePoints="16" numBranchPoints="3" visitedBranchPoints="2" sequenceCoverage="100" branchCoverage="66.67" maxCyclomaticComplexity="2" minCyclomaticComplexity="2" visitedClasses="0" numClasses="0" visitedMethods="1" numMethods="1" />
              <MetadataToken>100663306</MetadataToken>
              <Name>System.Void AssociatesTracker.Tests.AssociateTests::DeleteAssociate_ValidAssociate_ReturnsTrue()</Name>
              <FileRef uid="1" />
              <SequencePoints>
                <SequencePoint vc="1" uspid="163" ordinal="0" offset="0" sl="268" sc="9" el="268" ec="10" bec="0" bev="0" fileid="1" />
                <SequencePoint vc="1" uspid="164" ordinal="1" offset="1" sl="269" sc="13" el="269" ec="67" bec="0" bev="0" fileid="1" />
                <SequencePoint vc="1" uspid="165" ordinal="2" offset="8" sl="271" sc="13" el="271" ec="73" bec="0" bev="0" fileid="1" />
                <SequencePoint vc="1" uspid="166" ordinal="3" offset="19" sl="272" sc="13" el="272" ec="102" bec="0" bev="0" fileid="1" />
                <SequencePoint vc="1" uspid="167" ordinal="4" offset="26" sl="274" sc="13" el="274" ec="39" bec="2" bev="1" fileid="1" />
                <SequencePoint vc="1" uspid="168" ordinal="5" offset="34" sl="275" sc="13" el="275" ec="14" bec="0" bev="0" fileid="1" />
                <SequencePoint vc="1" uspid="169" ordinal="6" offset="35" sl="276" sc="17" el="276" ec="72" bec="0" bev="0" fileid="1" />
                <SequencePoint vc="1" uspid="170" ordinal="7" offset="47" sl="278" sc="17" el="278" ec="107" bec="0" bev="0" fileid="1" />
                <SequencePoint vc="1" uspid="171" ordinal="8" offset="65" sl="279" sc="17" el="279" ec="97" bec="0" bev="0" fileid="1" />
                <SequencePoint vc="1" uspid="172" ordinal="9" offset="74" sl="281" sc="17" el="281" ec="49" bec="0" bev="0" fileid="1" />
                <SequencePoint vc="1" uspid="173" ordinal="10" offset="81" sl="282" sc="17" el="282" ec="60" bec="0" bev="0" fileid="1" />
                <SequencePoint vc="1" uspid="174" ordinal="11" offset="94" sl="284" sc="17" el="284" ec="101" bec="0" bev="0" fileid="1" />
                <SequencePoint vc="1" uspid="175" ordinal="12" offset="112" sl="285" sc="17" el="285" ec="99" bec="0" bev="0" fileid="1" />
                <SequencePoint vc="1" uspid="176" ordinal="13" offset="121" sl="287" sc="17" el="287" ec="49" bec="0" bev="0" fileid="1" />
                <SequencePoint vc="1" uspid="177" ordinal="14" offset="129" sl="288" sc="13" el="288" ec="14" bec="0" bev="0" fileid="1" />
                <SequencePoint vc="1" uspid="178" ordinal="15" offset="130" sl="289" sc="9" el="289" ec="10" bec="0" bev="0" fileid="1" />
              </SequencePoints>
              <BranchPoints>
                <BranchPoint vc="1" uspid="179" ordinal="0" offset="32" sl="274" path="0" offsetend="34" fileid="1" />
                <BranchPoint vc="0" uspid="180" ordinal="1" offset="32" sl="274" path="1" offsetend="130" fileid="1" />
              </BranchPoints>
              <MethodPoint xsi:type="SequencePoint" vc="1" uspid="163" ordinal="0" offset="0" sl="268" sc="9" el="268" ec="10" bec="0" bev="0" fileid="1" />
            </Method>
            <Method visited="true" cyclomaticComplexity="1" nPathComplexity="0" sequenceCoverage="100" branchCoverage="100" isConstructor="false" isStatic="false" isGetter="false" isSetter="false">
              <Summary numSequencePoints="7" visitedSequencePoints="7" numBranchPoints="1" visitedBranchPoints="1" sequenceCoverage="100" branchCoverage="100" maxCyclomaticComplexity="1" minCyclomaticComplexity="1" visitedClasses="0" numClasses="0" visitedMethods="1" numMethods="1" />
              <MetadataToken>100663307</MetadataToken>
              <Name>System.Void AssociatesTracker.Tests.AssociateTests::ValidateAssociateModel_InvalidAssociateName_ReturnsFalse()</Name>
              <FileRef uid="1" />
              <SequencePoints>
                <SequencePoint vc="1" uspid="181" ordinal="0" offset="0" sl="293" sc="9" el="293" ec="10" bec="0" bev="0" fileid="1" />
                <SequencePoint vc="1" uspid="182" ordinal="1" offset="1" sl="294" sc="13" el="297" ec="15" bec="0" bev="0" fileid="1" />
                <SequencePoint vc="1" uspid="183" ordinal="2" offset="19" sl="299" sc="13" el="299" ec="113" bec="0" bev="0" fileid="1" />
                <SequencePoint vc="1" uspid="184" ordinal="3" offset="28" sl="300" sc="13" el="300" ec="56" bec="0" bev="0" fileid="1" />
                <SequencePoint vc="1" uspid="185" ordinal="4" offset="34" sl="301" sc="13" el="301" ec="103" bec="0" bev="0" fileid="1" />
                <SequencePoint vc="1" uspid="186" ordinal="5" offset="44" sl="303" sc="13" el="303" ec="47" bec="0" bev="0" fileid="1" />
                <SequencePoint vc="1" uspid="187" ordinal="6" offset="51" sl="304" sc="9" el="304" ec="10" bec="0" bev="0" fileid="1" />
              </SequencePoints>
              <BranchPoints />
              <MethodPoint xsi:type="SequencePoint" vc="1" uspid="181" ordinal="0" offset="0" sl="293" sc="9" el="293" ec="10" bec="0" bev="0" fileid="1" />
            </Method>
            <Method visited="true" cyclomaticComplexity="1" nPathComplexity="0" sequenceCoverage="100" branchCoverage="100" isConstructor="false" isStatic="false" isGetter="false" isSetter="false">
              <Summary numSequencePoints="9" visitedSequencePoints="9" numBranchPoints="1" visitedBranchPoints="1" sequenceCoverage="100" branchCoverage="100" maxCyclomaticComplexity="1" minCyclomaticComplexity="1" visitedClasses="0" numClasses="0" visitedMethods="1" numMethods="1" />
              <MetadataToken>100663308</MetadataToken>
              <Name>System.Void AssociatesTracker.Tests.AssociateTests::GetDashboardData_ReturnsDashboardData()</Name>
              <FileRef uid="1" />
              <SequencePoints>
                <SequencePoint vc="1" uspid="188" ordinal="0" offset="0" sl="308" sc="9" el="308" ec="10" bec="0" bev="0" fileid="1" />
                <SequencePoint vc="1" uspid="189" ordinal="1" offset="1" sl="309" sc="13" el="309" ec="86" bec="0" bev="0" fileid="1" />
                <SequencePoint vc="1" uspid="190" ordinal="2" offset="12" sl="310" sc="13" el="310" ec="89" bec="0" bev="0" fileid="1" />
                <SequencePoint vc="1" uspid="191" ordinal="3" offset="19" sl="312" sc="13" el="312" ec="45" bec="0" bev="0" fileid="1" />
                <SequencePoint vc="1" uspid="192" ordinal="4" offset="26" sl="313" sc="13" el="313" ec="53" bec="0" bev="0" fileid="1" />
                <SequencePoint vc="1" uspid="193" ordinal="5" offset="38" sl="314" sc="13" el="314" ec="64" bec="0" bev="0" fileid="1" />
                <SequencePoint vc="1" uspid="194" ordinal="6" offset="55" sl="315" sc="13" el="315" ec="64" bec="0" bev="0" fileid="1" />
                <SequencePoint vc="1" uspid="195" ordinal="7" offset="72" sl="316" sc="13" el="316" ec="64" bec="0" bev="0" fileid="1" />
                <SequencePoint vc="1" uspid="196" ordinal="8" offset="89" sl="317" sc="9" el="317" ec="10" bec="0" bev="0" fileid="1" />
              </SequencePoints>
              <BranchPoints />
              <MethodPoint xsi:type="SequencePoint" vc="1" uspid="188" ordinal="0" offset="0" sl="308" sc="9" el="308" ec="10" bec="0" bev="0" fileid="1" />
            </Method>
            <Method visited="true" cyclomaticComplexity="1" nPathComplexity="0" sequenceCoverage="100" branchCoverage="100" isConstructor="false" isStatic="false" isGetter="false" isSetter="false">
              <Summary numSequencePoints="14" visitedSequencePoints="14" numBranchPoints="1" visitedBranchPoints="1" sequenceCoverage="100" branchCoverage="100" maxCyclomaticComplexity="1" minCyclomaticComplexity="1" visitedClasses="0" numClasses="0" visitedMethods="1" numMethods="1" />
              <MetadataToken>100663309</MetadataToken>
              <Name>System.Void AssociatesTracker.Tests.AssociateTests::GetAssociateSkills_PassValidAssociateId_ReturnsValidAssociateWithSkills()</Name>
              <FileRef uid="1" />
              <SequencePoints>
                <SequencePoint vc="1" uspid="197" ordinal="0" offset="0" sl="321" sc="9" el="321" ec="10" bec="0" bev="0" fileid="1" />
                <SequencePoint vc="1" uspid="198" ordinal="1" offset="1" sl="322" sc="13" el="322" ec="73" bec="0" bev="0" fileid="1" />
                <SequencePoint vc="1" uspid="199" ordinal="2" offset="12" sl="323" sc="13" el="323" ec="102" bec="0" bev="0" fileid="1" />
                <SequencePoint vc="1" uspid="200" ordinal="3" offset="19" sl="325" sc="13" el="325" ec="45" bec="0" bev="0" fileid="1" />
                <SequencePoint vc="1" uspid="201" ordinal="4" offset="26" sl="326" sc="13" el="326" ec="53" bec="0" bev="0" fileid="1" />
                <SequencePoint vc="1" uspid="202" ordinal="5" offset="38" sl="328" sc="13" el="328" ec="68" bec="0" bev="0" fileid="1" />
                <SequencePoint vc="1" uspid="203" ordinal="6" offset="50" sl="330" sc="13" el="330" ec="116" bec="0" bev="0" fileid="1" />
                <SequencePoint vc="1" uspid="204" ordinal="7" offset="67" sl="331" sc="13" el="331" ec="105" bec="0" bev="0" fileid="1" />
                <SequencePoint vc="1" uspid="205" ordinal="8" offset="75" sl="333" sc="13" el="333" ec="48" bec="0" bev="0" fileid="1" />
                <SequencePoint vc="1" uspid="206" ordinal="9" offset="83" sl="334" sc="13" el="334" ec="56" bec="0" bev="0" fileid="1" />
                <SequencePoint vc="1" uspid="207" ordinal="10" offset="96" sl="335" sc="13" el="335" ec="66" bec="0" bev="0" fileid="1" />
                <SequencePoint vc="1" uspid="208" ordinal="11" offset="114" sl="336" sc="13" el="336" ec="63" bec="0" bev="0" fileid="1" />
                <SequencePoint vc="1" uspid="209" ordinal="12" offset="132" sl="337" sc="13" el="337" ec="100" bec="0" bev="0" fileid="1" />
                <SequencePoint vc="1" uspid="210" ordinal="13" offset="161" sl="338" sc="9" el="338" ec="10" bec="0" bev="0" fileid="1" />
              </SequencePoints>
              <BranchPoints />
              <MethodPoint xsi:type="SequencePoint" vc="1" uspid="197" ordinal="0" offset="0" sl="321" sc="9" el="321" ec="10" bec="0" bev="0" fileid="1" />
            </Method>
            <Method visited="true" cyclomaticComplexity="1" nPathComplexity="0" sequenceCoverage="0" branchCoverage="0" isConstructor="true" isStatic="false" isGetter="false" isSetter="false">
              <Summary numSequencePoints="0" visitedSequencePoints="0" numBranchPoints="0" visitedBranchPoints="0" sequenceCoverage="0" branchCoverage="0" maxCyclomaticComplexity="1" minCyclomaticComplexity="1" visitedClasses="0" numClasses="0" visitedMethods="0" numMethods="0" />
              <MetadataToken>100663310</MetadataToken>
              <Name>System.Void AssociatesTracker.Tests.AssociateTests::.ctor()</Name>
              <SequencePoints />
              <BranchPoints />
              <MethodPoint vc="12" uspid="211" ordinal="0" offset="0" />
            </Method>
          </Methods>
        </Class>
        <Class>
          <Summary numSequencePoints="1" visitedSequencePoints="1" numBranchPoints="1" visitedBranchPoints="1" sequenceCoverage="100" branchCoverage="100" maxCyclomaticComplexity="1" minCyclomaticComplexity="1" visitedClasses="1" numClasses="1" visitedMethods="1" numMethods="1" />
          <FullName>AssociatesTracker.Tests.AssociateTests/&lt;&gt;c</FullName>
          <Methods>
            <Method visited="true" cyclomaticComplexity="1" nPathComplexity="0" sequenceCoverage="0" branchCoverage="0" isConstructor="true" isStatic="true" isGetter="false" isSetter="false">
              <Summary numSequencePoints="0" visitedSequencePoints="0" numBranchPoints="0" visitedBranchPoints="0" sequenceCoverage="0" branchCoverage="0" maxCyclomaticComplexity="1" minCyclomaticComplexity="1" visitedClasses="0" numClasses="0" visitedMethods="0" numMethods="0" />
              <MetadataToken>100663328</MetadataToken>
              <Name>System.Void AssociatesTracker.Tests.AssociateTests/&lt;&gt;c::.cctor()</Name>
              <SequencePoints />
              <BranchPoints />
              <MethodPoint vc="1" uspid="212" ordinal="0" offset="0" />
            </Method>
            <Method visited="true" cyclomaticComplexity="1" nPathComplexity="0" sequenceCoverage="0" branchCoverage="0" isConstructor="true" isStatic="false" isGetter="false" isSetter="false">
              <Summary numSequencePoints="0" visitedSequencePoints="0" numBranchPoints="0" visitedBranchPoints="0" sequenceCoverage="0" branchCoverage="0" maxCyclomaticComplexity="1" minCyclomaticComplexity="1" visitedClasses="0" numClasses="0" visitedMethods="0" numMethods="0" />
              <MetadataToken>100663329</MetadataToken>
              <Name>System.Void AssociatesTracker.Tests.AssociateTests/&lt;&gt;c::.ctor()</Name>
              <SequencePoints />
              <BranchPoints />
              <MethodPoint vc="1" uspid="213" ordinal="0" offset="0" />
            </Method>
            <Method visited="true" cyclomaticComplexity="1" nPathComplexity="0" sequenceCoverage="100" branchCoverage="100" isConstructor="false" isStatic="false" isGetter="false" isSetter="false">
              <Summary numSequencePoints="1" visitedSequencePoints="1" numBranchPoints="1" visitedBranchPoints="1" sequenceCoverage="100" branchCoverage="100" maxCyclomaticComplexity="1" minCyclomaticComplexity="1" visitedClasses="0" numClasses="0" visitedMethods="1" numMethods="1" />
              <MetadataToken>100663330</MetadataToken>
              <Name>System.Void AssociatesTracker.Tests.AssociateTests/&lt;&gt;c::&lt;Initialize&gt;b__1_0(AutoMapper.IMapperConfigurationExpression)</Name>
              <FileRef uid="1" />
              <SequencePoints>
                <SequencePoint vc="1" uspid="214" ordinal="0" offset="0" sl="26" sc="41" el="26" ec="76" bec="0" bev="0" fileid="1" />
              </SequencePoints>
              <BranchPoints />
              <MethodPoint xsi:type="SequencePoint" vc="1" uspid="214" ordinal="0" offset="0" sl="26" sc="41" el="26" ec="76" bec="0" bev="0" fileid="1" />
            </Method>
          </Methods>
        </Class>
        <Class>
          <Summary numSequencePoints="9" visitedSequencePoints="9" numBranchPoints="1" visitedBranchPoints="1" sequenceCoverage="100" branchCoverage="100" maxCyclomaticComplexity="1" minCyclomaticComplexity="1" visitedClasses="1" numClasses="1" visitedMethods="1" numMethods="1" />
          <FullName>SkillsTracker.Tests.MappingProfile</FullName>
          <Methods>
            <Method visited="true" cyclomaticComplexity="1" nPathComplexity="0" sequenceCoverage="100" branchCoverage="100" isConstructor="true" isStatic="false" isGetter="false" isSetter="false">
              <Summary numSequencePoints="9" visitedSequencePoints="9" numBranchPoints="1" visitedBranchPoints="1" sequenceCoverage="100" branchCoverage="100" maxCyclomaticComplexity="1" minCyclomaticComplexity="1" visitedClasses="0" numClasses="0" visitedMethods="1" numMethods="1" />
              <MetadataToken>100663311</MetadataToken>
              <Name>System.Void SkillsTracker.Tests.MappingProfile::.ctor()</Name>
              <FileRef uid="3" />
              <SequencePoints>
                <SequencePoint vc="2" uspid="215" ordinal="0" offset="0" sl="9" sc="9" el="9" ec="32" bec="0" bev="0" fileid="3" />
                <SequencePoint vc="2" uspid="216" ordinal="1" offset="7" sl="10" sc="9" el="10" ec="10" bec="0" bev="0" fileid="3" />
                <SequencePoint vc="2" uspid="217" ordinal="2" offset="8" sl="11" sc="13" el="11" ec="43" bec="0" bev="0" fileid="3" />
                <SequencePoint vc="2" uspid="218" ordinal="3" offset="15" sl="12" sc="13" el="12" ec="43" bec="0" bev="0" fileid="3" />
                <SequencePoint vc="2" uspid="219" ordinal="4" offset="22" sl="13" sc="13" el="13" ec="50" bec="0" bev="0" fileid="3" />
                <SequencePoint vc="2" uspid="220" ordinal="5" offset="29" sl="14" sc="13" el="14" ec="50" bec="0" bev="0" fileid="3" />
                <SequencePoint vc="2" uspid="221" ordinal="6" offset="36" sl="15" sc="13" el="15" ec="62" bec="0" bev="0" fileid="3" />
                <SequencePoint vc="2" uspid="222" ordinal="7" offset="43" sl="16" sc="13" el="16" ec="62" bec="0" bev="0" fileid="3" />
                <SequencePoint vc="2" uspid="223" ordinal="8" offset="50" sl="17" sc="9" el="17" ec="10" bec="0" bev="0" fileid="3" />
              </SequencePoints>
              <BranchPoints />
              <MethodPoint xsi:type="SequencePoint" vc="2" uspid="215" ordinal="0" offset="0" sl="9" sc="9" el="9" ec="32" bec="0" bev="0" fileid="3" />
            </Method>
          </Methods>
        </Class>
        <Class>
          <Summary numSequencePoints="74" visitedSequencePoints="68" numBranchPoints="10" visitedBranchPoints="8" sequenceCoverage="91.89" branchCoverage="80" maxCyclomaticComplexity="2" minCyclomaticComplexity="1" visitedClasses="1" numClasses="1" visitedMethods="6" numMethods="6" />
          <FullName>SkillsTracker.Tests.AssociateSkillsTests</FullName>
          <Methods>
            <Method visited="true" cyclomaticComplexity="2" nPathComplexity="0" sequenceCoverage="100" branchCoverage="100" isConstructor="false" isStatic="true" isGetter="false" isSetter="false">
              <Summary numSequencePoints="7" visitedSequencePoints="7" numBranchPoints="1" visitedBranchPoints="1" sequenceCoverage="100" branchCoverage="100" maxCyclomaticComplexity="2" minCyclomaticComplexity="2" visitedClasses="0" numClasses="0" visitedMethods="1" numMethods="1" />
              <MetadataToken>100663312</MetadataToken>
              <Name>System.Void SkillsTracker.Tests.AssociateSkillsTests::Initialize(Microsoft.VisualStudio.TestTools.UnitTesting.TestContext)</Name>
              <FileRef uid="4" />
              <SequencePoints>
                <SequencePoint vc="1" uspid="224" ordinal="0" offset="0" sl="22" sc="9" el="22" ec="10" bec="0" bev="0" fileid="4" />
                <SequencePoint vc="1" uspid="225" ordinal="1" offset="1" sl="23" sc="13" el="23" ec="54" bec="0" bev="0" fileid="4" />
                <SequencePoint vc="1" uspid="226" ordinal="2" offset="11" sl="24" sc="13" el="24" ec="62" bec="0" bev="0" fileid="4" />
                <SequencePoint vc="1" uspid="227" ordinal="3" offset="21" sl="25" sc="13" el="25" ec="73" bec="0" bev="0" fileid="4" />
                <SequencePoint vc="1" uspid="228" ordinal="4" offset="31" sl="27" sc="13" el="27" ec="28" bec="0" bev="0" fileid="4" />
                <SequencePoint vc="1" uspid="229" ordinal="5" offset="37" sl="28" sc="13" el="28" ec="78" bec="0" bev="0" fileid="4" />
                <SequencePoint vc="1" uspid="230" ordinal="6" offset="74" sl="29" sc="9" el="29" ec="10" bec="0" bev="0" fileid="4" />
              </SequencePoints>
              <BranchPoints />
              <MethodPoint xsi:type="SequencePoint" vc="1" uspid="224" ordinal="0" offset="0" sl="22" sc="9" el="22" ec="10" bec="0" bev="0" fileid="4" />
            </Method>
            <Method visited="true" cyclomaticComplexity="1" nPathComplexity="0" sequenceCoverage="100" branchCoverage="100" isConstructor="false" isStatic="false" isGetter="false" isSetter="false">
              <Summary numSequencePoints="17" visitedSequencePoints="17" numBranchPoints="1" visitedBranchPoints="1" sequenceCoverage="100" branchCoverage="100" maxCyclomaticComplexity="1" minCyclomaticComplexity="1" visitedClasses="0" numClasses="0" visitedMethods="1" numMethods="1" />
              <MetadataToken>100663313</MetadataToken>
              <Name>System.Void SkillsTracker.Tests.AssociateSkillsTests::AddNewAssociateSkill_ValidAssociateSkill_ReturnsAllAssociateSkills()</Name>
              <FileRef uid="4" />
              <SequencePoints>
                <SequencePoint vc="1" uspid="233" ordinal="0" offset="0" sl="33" sc="9" el="33" ec="10" bec="0" bev="0" fileid="4" />
                <SequencePoint vc="1" uspid="234" ordinal="1" offset="1" sl="34" sc="13" el="34" ec="73" bec="0" bev="0" fileid="4" />
                <SequencePoint vc="1" uspid="235" ordinal="2" offset="12" sl="35" sc="13" el="35" ec="102" bec="0" bev="0" fileid="4" />
                <SequencePoint vc="1" uspid="236" ordinal="3" offset="19" sl="37" sc="13" el="37" ec="45" bec="0" bev="0" fileid="4" />
                <SequencePoint vc="1" uspid="237" ordinal="4" offset="26" sl="38" sc="13" el="38" ec="53" bec="0" bev="0" fileid="4" />
                <SequencePoint vc="1" uspid="238" ordinal="5" offset="38" sl="40" sc="13" el="40" ec="68" bec="0" bev="0" fileid="4" />
                <SequencePoint vc="1" uspid="239" ordinal="6" offset="50" sl="42" sc="13" el="42" ec="74" bec="0" bev="0" fileid="4" />
                <SequencePoint vc="1" uspid="240" ordinal="7" offset="61" sl="43" sc="13" el="43" ec="112" bec="0" bev="0" fileid="4" />
                <SequencePoint vc="1" uspid="241" ordinal="8" offset="69" sl="45" sc="13" el="45" ec="54" bec="0" bev="0" fileid="4" />
                <SequencePoint vc="1" uspid="242" ordinal="9" offset="77" sl="46" sc="13" el="46" ec="62" bec="0" bev="0" fileid="4" />
                <SequencePoint vc="1" uspid="243" ordinal="10" offset="90" sl="48" sc="13" el="48" ec="73" bec="0" bev="0" fileid="4" />
                <SequencePoint vc="1" uspid="244" ordinal="11" offset="104" sl="50" sc="13" el="55" ec="15" bec="0" bev="0" fileid="4" />
                <SequencePoint vc="1" uspid="245" ordinal="12" offset="157" sl="57" sc="13" el="57" ec="100" bec="0" bev="0" fileid="4" />
                <SequencePoint vc="1" uspid="246" ordinal="13" offset="171" sl="58" sc="13" el="58" ec="121" bec="0" bev="0" fileid="4" />
                <SequencePoint vc="1" uspid="247" ordinal="14" offset="180" sl="60" sc="13" el="60" ec="51" bec="0" bev="0" fileid="4" />
                <SequencePoint vc="1" uspid="248" ordinal="15" offset="188" sl="61" sc="13" el="61" ec="59" bec="0" bev="0" fileid="4" />
                <SequencePoint vc="1" uspid="249" ordinal="16" offset="201" sl="62" sc="9" el="62" ec="10" bec="0" bev="0" fileid="4" />
              </SequencePoints>
              <BranchPoints />
              <MethodPoint xsi:type="SequencePoint" vc="1" uspid="233" ordinal="0" offset="0" sl="33" sc="9" el="33" ec="10" bec="0" bev="0" fileid="4" />
            </Method>
            <Method visited="true" cyclomaticComplexity="1" nPathComplexity="0" sequenceCoverage="100" branchCoverage="100" isConstructor="false" isStatic="false" isGetter="false" isSetter="false">
              <Summary numSequencePoints="6" visitedSequencePoints="6" numBranchPoints="1" visitedBranchPoints="1" sequenceCoverage="100" branchCoverage="100" maxCyclomaticComplexity="1" minCyclomaticComplexity="1" visitedClasses="0" numClasses="0" visitedMethods="1" numMethods="1" />
              <MetadataToken>100663314</MetadataToken>
              <Name>System.Void SkillsTracker.Tests.AssociateSkillsTests::GetAssociateSkills_All_ReturnsAllAssociateSkills()</Name>
              <FileRef uid="4" />
              <SequencePoints>
                <SequencePoint vc="1" uspid="250" ordinal="0" offset="0" sl="66" sc="9" el="66" ec="10" bec="0" bev="0" fileid="4" />
                <SequencePoint vc="1" uspid="251" ordinal="1" offset="1" sl="67" sc="13" el="67" ec="78" bec="0" bev="0" fileid="4" />
                <SequencePoint vc="1" uspid="252" ordinal="2" offset="12" sl="68" sc="13" el="68" ec="108" bec="0" bev="0" fileid="4" />
                <SequencePoint vc="1" uspid="253" ordinal="3" offset="19" sl="70" sc="13" el="70" ec="45" bec="0" bev="0" fileid="4" />
                <SequencePoint vc="1" uspid="254" ordinal="4" offset="26" sl="71" sc="13" el="71" ec="53" bec="0" bev="0" fileid="4" />
                <SequencePoint vc="1" uspid="255" ordinal="5" offset="38" sl="72" sc="9" el="72" ec="10" bec="0" bev="0" fileid="4" />
              </SequencePoints>
              <BranchPoints />
              <MethodPoint xsi:type="SequencePoint" vc="1" uspid="250" ordinal="0" offset="0" sl="66" sc="9" el="66" ec="10" bec="0" bev="0" fileid="4" />
            </Method>
            <Method visited="true" cyclomaticComplexity="1" nPathComplexity="0" sequenceCoverage="100" branchCoverage="100" isConstructor="false" isStatic="false" isGetter="false" isSetter="false">
              <Summary numSequencePoints="12" visitedSequencePoints="12" numBranchPoints="1" visitedBranchPoints="1" sequenceCoverage="100" branchCoverage="100" maxCyclomaticComplexity="1" minCyclomaticComplexity="1" visitedClasses="0" numClasses="0" visitedMethods="1" numMethods="1" />
              <MetadataToken>100663315</MetadataToken>
              <Name>System.Void SkillsTracker.Tests.AssociateSkillsTests::GetAssociateSkill_PassAssociateSkillId_ReturnsValidAssociateSkill()</Name>
              <FileRef uid="4" />
              <SequencePoints>
                <SequencePoint vc="1" uspid="256" ordinal="0" offset="0" sl="76" sc="9" el="76" ec="10" bec="0" bev="0" fileid="4" />
                <SequencePoint vc="1" uspid="257" ordinal="1" offset="1" sl="77" sc="13" el="77" ec="78" bec="0" bev="0" fileid="4" />
                <SequencePoint vc="1" uspid="258" ordinal="2" offset="12" sl="78" sc="13" el="78" ec="108" bec="0" bev="0" fileid="4" />
                <SequencePoint vc="1" uspid="259" ordinal="3" offset="19" sl="80" sc="13" el="80" ec="45" bec="0" bev="0" fileid="4" />
                <SequencePoint vc="1" uspid="260" ordinal="4" offset="26" sl="81" sc="13" el="81" ec="53" bec="0" bev="0" fileid="4" />
                <SequencePoint vc="1" uspid="261" ordinal="5" offset="38" sl="83" sc="13" el="83" ec="64" bec="0" bev="0" fileid="4" />
                <SequencePoint vc="1" uspid="262" ordinal="6" offset="50" sl="85" sc="13" el="85" ec="104" bec="0" bev="0" fileid="4" />
                <SequencePoint vc="1" uspid="263" ordinal="7" offset="67" sl="86" sc="13" el="86" ec="101" bec="0" bev="0" fileid="4" />
                <SequencePoint vc="1" uspid="264" ordinal="8" offset="75" sl="88" sc="13" el="88" ec="48" bec="0" bev="0" fileid="4" />
                <SequencePoint vc="1" uspid="265" ordinal="9" offset="83" sl="89" sc="13" el="89" ec="56" bec="0" bev="0" fileid="4" />
                <SequencePoint vc="1" uspid="266" ordinal="10" offset="96" sl="90" sc="13" el="90" ec="98" bec="0" bev="0" fileid="4" />
                <SequencePoint vc="1" uspid="267" ordinal="11" offset="120" sl="91" sc="9" el="91" ec="10" bec="0" bev="0" fileid="4" />
              </SequencePoints>
              <BranchPoints />
              <MethodPoint xsi:type="SequencePoint" vc="1" uspid="256" ordinal="0" offset="0" sl="76" sc="9" el="76" ec="10" bec="0" bev="0" fileid="4" />
            </Method>
            <Method visited="true" cyclomaticComplexity="2" nPathComplexity="2" sequenceCoverage="64.71" branchCoverage="66.67" isConstructor="false" isStatic="false" isGetter="false" isSetter="false">
              <Summary numSequencePoints="17" visitedSequencePoints="11" numBranchPoints="3" visitedBranchPoints="2" sequenceCoverage="64.71" branchCoverage="66.67" maxCyclomaticComplexity="2" minCyclomaticComplexity="2" visitedClasses="0" numClasses="0" visitedMethods="1" numMethods="1" />
              <MetadataToken>100663316</MetadataToken>
              <Name>System.Void SkillsTracker.Tests.AssociateSkillsTests::UpdateAssociateSkill_ValidAssociateSkill_ReturnsTrue()</Name>
              <FileRef uid="4" />
              <SequencePoints>
                <SequencePoint vc="1" uspid="268" ordinal="0" offset="0" sl="96" sc="9" el="96" ec="10" bec="0" bev="0" fileid="4" />
                <SequencePoint vc="1" uspid="269" ordinal="1" offset="1" sl="97" sc="13" el="97" ec="78" bec="0" bev="0" fileid="4" />
                <SequencePoint vc="1" uspid="270" ordinal="2" offset="12" sl="98" sc="13" el="98" ec="108" bec="0" bev="0" fileid="4" />
                <SequencePoint vc="1" uspid="271" ordinal="3" offset="19" sl="100" sc="13" el="100" ec="39" bec="2" bev="1" fileid="4" />
                <SequencePoint vc="1" uspid="272" ordinal="4" offset="30" sl="101" sc="13" el="101" ec="14" bec="0" bev="0" fileid="4" />
                <SequencePoint vc="1" uspid="273" ordinal="5" offset="31" sl="102" sc="17" el="102" ec="68" bec="0" bev="0" fileid="4" />
                <SequencePoint vc="1" uspid="274" ordinal="6" offset="43" sl="103" sc="17" el="103" ec="59" bec="0" bev="0" fileid="4" />
                <SequencePoint vc="1" uspid="275" ordinal="7" offset="62" sl="105" sc="17" el="105" ec="118" bec="0" bev="0" fileid="4" />
                <SequencePoint vc="1" uspid="276" ordinal="8" offset="81" sl="106" sc="17" el="106" ec="97" bec="0" bev="0" fileid="4" />
                <SequencePoint vc="1" uspid="277" ordinal="9" offset="90" sl="108" sc="17" el="108" ec="49" bec="0" bev="0" fileid="4" />
                <SequencePoint vc="1" uspid="278" ordinal="10" offset="97" sl="109" sc="17" el="109" ec="60" bec="0" bev="0" fileid="4" />
                <SequencePoint vc="0" uspid="279" ordinal="11" offset="110" sl="111" sc="17" el="111" ec="108" bec="0" bev="0" fileid="4" />
                <SequencePoint vc="0" uspid="280" ordinal="12" offset="128" sl="112" sc="17" el="112" ec="105" bec="0" bev="0" fileid="4" />
                <SequencePoint vc="0" uspid="281" ordinal="13" offset="137" sl="114" sc="17" el="114" ec="52" bec="0" bev="0" fileid="4" />
                <SequencePoint vc="0" uspid="282" ordinal="14" offset="145" sl="115" sc="17" el="115" ec="90" bec="0" bev="0" fileid="4" />
                <SequencePoint vc="0" uspid="283" ordinal="15" offset="169" sl="116" sc="13" el="116" ec="14" bec="0" bev="0" fileid="4" />
                <SequencePoint vc="0" uspid="284" ordinal="16" offset="170" sl="117" sc="9" el="117" ec="10" bec="0" bev="0" fileid="4" />
              </SequencePoints>
              <BranchPoints>
                <BranchPoint vc="1" uspid="285" ordinal="0" offset="25" sl="100" path="0" offsetend="30" fileid="4" />
                <BranchPoint vc="0" uspid="286" ordinal="1" offset="25" sl="100" path="1" offsetend="170" fileid="4" />
              </BranchPoints>
              <MethodPoint xsi:type="SequencePoint" vc="1" uspid="268" ordinal="0" offset="0" sl="96" sc="9" el="96" ec="10" bec="0" bev="0" fileid="4" />
            </Method>
            <Method visited="true" cyclomaticComplexity="2" nPathComplexity="2" sequenceCoverage="100" branchCoverage="66.67" isConstructor="false" isStatic="false" isGetter="false" isSetter="false">
              <Summary numSequencePoints="15" visitedSequencePoints="15" numBranchPoints="3" visitedBranchPoints="2" sequenceCoverage="100" branchCoverage="66.67" maxCyclomaticComplexity="2" minCyclomaticComplexity="2" visitedClasses="0" numClasses="0" visitedMethods="1" numMethods="1" />
              <MetadataToken>100663317</MetadataToken>
              <Name>System.Void SkillsTracker.Tests.AssociateSkillsTests::DeleteAssociateSkill_ValidAssociateSkillId_ReturnsTrue()</Name>
              <FileRef uid="4" />
              <SequencePoints>
                <SequencePoint vc="1" uspid="287" ordinal="0" offset="0" sl="121" sc="9" el="121" ec="10" bec="0" bev="0" fileid="4" />
                <SequencePoint vc="1" uspid="288" ordinal="1" offset="1" sl="122" sc="13" el="122" ec="78" bec="0" bev="0" fileid="4" />
                <SequencePoint vc="1" uspid="289" ordinal="2" offset="12" sl="123" sc="13" el="123" ec="108" bec="0" bev="0" fileid="4" />
                <SequencePoint vc="1" uspid="290" ordinal="3" offset="19" sl="125" sc="13" el="125" ec="39" bec="2" bev="1" fileid="4" />
                <SequencePoint vc="1" uspid="291" ordinal="4" offset="27" sl="126" sc="13" el="126" ec="14" bec="0" bev="0" fileid="4" />
                <SequencePoint vc="1" uspid="292" ordinal="5" offset="28" sl="127" sc="17" el="127" ec="68" bec="0" bev="0" fileid="4" />
                <SequencePoint vc="1" uspid="293" ordinal="6" offset="40" sl="129" sc="17" el="129" ec="114" bec="0" bev="0" fileid="4" />
                <SequencePoint vc="1" uspid="294" ordinal="7" offset="58" sl="130" sc="17" el="130" ec="97" bec="0" bev="0" fileid="4" />
                <SequencePoint vc="1" uspid="295" ordinal="8" offset="67" sl="132" sc="17" el="132" ec="49" bec="0" bev="0" fileid="4" />
                <SequencePoint vc="1" uspid="296" ordinal="9" offset="74" sl="133" sc="17" el="133" ec="60" bec="0" bev="0" fileid="4" />
                <SequencePoint vc="1" uspid="297" ordinal="10" offset="87" sl="135" sc="17" el="135" ec="108" bec="0" bev="0" fileid="4" />
                <SequencePoint vc="1" uspid="298" ordinal="11" offset="105" sl="136" sc="17" el="136" ec="105" bec="0" bev="0" fileid="4" />
                <SequencePoint vc="1" uspid="299" ordinal="12" offset="114" sl="138" sc="17" el="138" ec="49" bec="0" bev="0" fileid="4" />
                <SequencePoint vc="1" uspid="300" ordinal="13" offset="122" sl="139" sc="13" el="139" ec="14" bec="0" bev="0" fileid="4" />
                <SequencePoint vc="1" uspid="301" ordinal="14" offset="123" sl="140" sc="9" el="140" ec="10" bec="0" bev="0" fileid="4" />
              </SequencePoints>
              <BranchPoints>
                <BranchPoint vc="1" uspid="302" ordinal="0" offset="25" sl="125" path="0" offsetend="27" fileid="4" />
                <BranchPoint vc="0" uspid="303" ordinal="1" offset="25" sl="125" path="1" offsetend="123" fileid="4" />
              </BranchPoints>
              <MethodPoint xsi:type="SequencePoint" vc="1" uspid="287" ordinal="0" offset="0" sl="121" sc="9" el="121" ec="10" bec="0" bev="0" fileid="4" />
            </Method>
            <Method visited="true" cyclomaticComplexity="1" nPathComplexity="0" sequenceCoverage="0" branchCoverage="0" isConstructor="true" isStatic="false" isGetter="false" isSetter="false">
              <Summary numSequencePoints="0" visitedSequencePoints="0" numBranchPoints="0" visitedBranchPoints="0" sequenceCoverage="0" branchCoverage="0" maxCyclomaticComplexity="1" minCyclomaticComplexity="1" visitedClasses="0" numClasses="0" visitedMethods="0" numMethods="0" />
              <MetadataToken>100663318</MetadataToken>
              <Name>System.Void SkillsTracker.Tests.AssociateSkillsTests::.ctor()</Name>
              <SequencePoints />
              <BranchPoints />
              <MethodPoint vc="5" uspid="304" ordinal="0" offset="0" />
            </Method>
          </Methods>
        </Class>
        <Class>
          <Summary numSequencePoints="1" visitedSequencePoints="1" numBranchPoints="1" visitedBranchPoints="1" sequenceCoverage="100" branchCoverage="100" maxCyclomaticComplexity="1" minCyclomaticComplexity="1" visitedClasses="1" numClasses="1" visitedMethods="1" numMethods="1" />
          <FullName>SkillsTracker.Tests.AssociateSkillsTests/&lt;&gt;c</FullName>
          <Methods>
            <Method visited="true" cyclomaticComplexity="1" nPathComplexity="0" sequenceCoverage="0" branchCoverage="0" isConstructor="true" isStatic="true" isGetter="false" isSetter="false">
              <Summary numSequencePoints="0" visitedSequencePoints="0" numBranchPoints="0" visitedBranchPoints="0" sequenceCoverage="0" branchCoverage="0" maxCyclomaticComplexity="1" minCyclomaticComplexity="1" visitedClasses="0" numClasses="0" visitedMethods="0" numMethods="0" />
              <MetadataToken>100663331</MetadataToken>
              <Name>System.Void SkillsTracker.Tests.AssociateSkillsTests/&lt;&gt;c::.cctor()</Name>
              <SequencePoints />
              <BranchPoints />
              <MethodPoint vc="1" uspid="305" ordinal="0" offset="0" />
            </Method>
            <Method visited="true" cyclomaticComplexity="1" nPathComplexity="0" sequenceCoverage="0" branchCoverage="0" isConstructor="true" isStatic="false" isGetter="false" isSetter="false">
              <Summary numSequencePoints="0" visitedSequencePoints="0" numBranchPoints="0" visitedBranchPoints="0" sequenceCoverage="0" branchCoverage="0" maxCyclomaticComplexity="1" minCyclomaticComplexity="1" visitedClasses="0" numClasses="0" visitedMethods="0" numMethods="0" />
              <MetadataToken>100663332</MetadataToken>
              <Name>System.Void SkillsTracker.Tests.AssociateSkillsTests/&lt;&gt;c::.ctor()</Name>
              <SequencePoints />
              <BranchPoints />
              <MethodPoint vc="1" uspid="306" ordinal="0" offset="0" />
            </Method>
            <Method visited="true" cyclomaticComplexity="1" nPathComplexity="0" sequenceCoverage="100" branchCoverage="100" isConstructor="false" isStatic="false" isGetter="false" isSetter="false">
              <Summary numSequencePoints="1" visitedSequencePoints="1" numBranchPoints="1" visitedBranchPoints="1" sequenceCoverage="100" branchCoverage="100" maxCyclomaticComplexity="1" minCyclomaticComplexity="1" visitedClasses="0" numClasses="0" visitedMethods="1" numMethods="1" />
              <MetadataToken>100663333</MetadataToken>
              <Name>System.Void SkillsTracker.Tests.AssociateSkillsTests/&lt;&gt;c::&lt;Initialize&gt;b__3_0(AutoMapper.IMapperConfigurationExpression)</Name>
              <FileRef uid="4" />
              <SequencePoints>
                <SequencePoint vc="1" uspid="307" ordinal="0" offset="0" sl="28" sc="41" el="28" ec="76" bec="0" bev="0" fileid="4" />
              </SequencePoints>
              <BranchPoints />
              <MethodPoint xsi:type="SequencePoint" vc="1" uspid="307" ordinal="0" offset="0" sl="28" sc="41" el="28" ec="76" bec="0" bev="0" fileid="4" />
            </Method>
          </Methods>
        </Class>
        <Class>
          <Summary numSequencePoints="77" visitedSequencePoints="77" numBranchPoints="12" visitedBranchPoints="10" sequenceCoverage="100" branchCoverage="83.33" maxCyclomaticComplexity="2" minCyclomaticComplexity="1" visitedClasses="1" numClasses="1" visitedMethods="8" numMethods="8" />
          <FullName>SkillsTracker.Tests.SkillsTests</FullName>
          <Methods>
            <Method visited="true" cyclomaticComplexity="2" nPathComplexity="0" sequenceCoverage="100" branchCoverage="100" isConstructor="false" isStatic="true" isGetter="false" isSetter="false">
              <Summary numSequencePoints="5" visitedSequencePoints="5" numBranchPoints="1" visitedBranchPoints="1" sequenceCoverage="100" branchCoverage="100" maxCyclomaticComplexity="2" minCyclomaticComplexity="2" visitedClasses="0" numClasses="0" visitedMethods="1" numMethods="1" />
              <MetadataToken>100663319</MetadataToken>
[...]
        </Class>
        <Class>
          <Summary numSequencePoints="19" visitedSequencePoints="19" numBranchPoints="9" visitedBranchPoints="9" sequenceCoverage="100" branchCoverage="100" maxCyclomaticComplexity="1" minCyclomaticComplexity="1" visitedClasses="1" numClasses="1" visitedMethods="9" numMethods="9" />
          <FullName>SkillsTracker.DAL.Repositories.UnitOfWork</FullName>
          <Methods>
            <Method visited="true" cyclomaticComplexity="1" nPathComplexity="0" sequenceCoverage="100" branchCoverage="100" isConstructor="false" isStatic="false" isGetter="true" isSetter="false">
              <Summary numSequencePoints="1" visitedSequencePoints="1" numBranchPoints="1" visitedBranchPoints="1" sequenceCoverage="100" branchCoverage="100" maxCyclomaticComplexity="1" minCyclomaticComplexity="1" visitedClasses="0" numClasses="0" visitedMethods="1" numMethods="1" />
              <MetadataToken>100663354</MetadataToken>
              <Name>SkillsTracker.IRepositories.ISkillsRepository SkillsTracker.DAL.Repositories.UnitOfWork::get_Skills()</Name>
              <FileRef uid="80" />
              <SequencePoints>
                <SequencePoint vc="18" uspid="1417" ordinal="0" offset="0" sl="17" sc="43" el="17" ec="47" bec="0" bev="0" fileid="80" />
              </SequencePoints>
              <BranchPoints />
              <MethodPoint xsi:type="SequencePoint" vc="18" uspid="1417" ordinal="0" offset="0" sl="17" sc="43" el="17" ec="47" bec="0" bev="0" fileid="80" />
            </Method>
            <Method visited="true" cyclomaticComplexity="1" nPathComplexity="0" sequenceCoverage="100" branchCoverage="100" isConstructor="false" isStatic="false" isGetter="false" isSetter="true">
              <Summary numSequencePoints="1" visitedSequencePoints="1" numBranchPoints="1" visitedBranchPoints="1" sequenceCoverage="100" branchCoverage="100" maxCyclomaticComplexity="1" minCyclomaticComplexity="1" visitedClasses="0" numClasses="0" visitedMethods="1" numMethods="1" />
              <MetadataToken>100663355</MetadataToken>
              <Name>System.Void SkillsTracker.DAL.Repositories.UnitOfWork::set_Skills(SkillsTracker.IRepositories.ISkillsRepository)</Name>
              <FileRef uid="80" />
              <SequencePoints>
                <SequencePoint vc="56" uspid="1418" ordinal="0" offset="0" sl="17" sc="48" el="17" ec="60" bec="0" bev="0" fileid="80" />
              </SequencePoints>
              <BranchPoints />
              <MethodPoint xsi:type="SequencePoint" vc="56" uspid="1418" ordinal="0" offset="0" sl="17" sc="48" el="17" ec="60" bec="0" bev="0" fileid="80" />
            </Method>
            <Method visited="true" cyclomaticComplexity="1" nPathComplexity="0" sequenceCoverage="100" branchCoverage="100" isConstructor="false" isStatic="false" isGetter="true" isSetter="false">
              <Summary numSequencePoints="1" visitedSequencePoints="1" numBranchPoints="1" visitedBranchPoints="1" sequenceCoverage="100" branchCoverage="100" maxCyclomaticComplexity="1" minCyclomaticComplexity="1" visitedClasses="0" numClasses="0" visitedMethods="1" numMethods="1" />
              <MetadataToken>100663356</MetadataToken>
              <Name>SkillsTracker.IRepositories.IAssociatesRepository SkillsTracker.DAL.Repositories.UnitOfWork::get_Associates()</Name>
              <FileRef uid="80" />
              <SequencePoints>
                <SequencePoint vc="31" uspid="1419" ordinal="0" offset="0" sl="19" sc="51" el="19" ec="55" bec="0" bev="0" fileid="80" />
              </SequencePoints>
              <BranchPoints />
              <MethodPoint xsi:type="SequencePoint" vc="31" uspid="1419" ordinal="0" offset="0" sl="19" sc="51" el="19" ec="55" bec="0" bev="0" fileid="80" />
            </Method>
            <Method visited="true" cyclomaticComplexity="1" nPathComplexity="0" sequenceCoverage="100" branchCoverage="100" isConstructor="false" isStatic="false" isGetter="false" isSetter="true">
              <Summary numSequencePoints="1" visitedSequencePoints="1" numBranchPoints="1" visitedBranchPoints="1" sequenceCoverage="100" branchCoverage="100" maxCyclomaticComplexity="1" minCyclomaticComplexity="1" visitedClasses="0" numClasses="0" visitedMethods="1" numMethods="1" />
              <MetadataToken>100663357</MetadataToken>
              <Name>System.Void SkillsTracker.DAL.Repositories.UnitOfWork::set_Associates(SkillsTracker.IRepositories.IAssociatesRepository)</Name>
              <FileRef uid="80" />
              <SequencePoints>
                <SequencePoint vc="56" uspid="1420" ordinal="0" offset="0" sl="19" sc="56" el="19" ec="68" bec="0" bev="0" fileid="80" />
              </SequencePoints>
              <BranchPoints />
              <MethodPoint xsi:type="SequencePoint" vc="56" uspid="1420" ordinal="0" offset="0" sl="19" sc="56" el="19" ec="68" bec="0" bev="0" fileid="80" />
            </Method>
            <Method visited="true" cyclomaticComplexity="1" nPathComplexity="0" sequenceCoverage="100" branchCoverage="100" isConstructor="false" isStatic="false" isGetter="true" isSetter="false">
              <Summary numSequencePoints="1" visitedSequencePoints="1" numBranchPoints="1" visitedBranchPoints="1" sequenceCoverage="100" branchCoverage="100" maxCyclomaticComplexity="1" minCyclomaticComplexity="1" visitedClasses="0" numClasses="0" visitedMethods="1" numMethods="1" />
              <MetadataToken>100663358</MetadataToken>
              <Name>SkillsTracker.IRepositories.IAssociateSkillsRepository SkillsTracker.DAL.Repositories.UnitOfWork::get_AssociateSkills()</Name>
              <FileRef uid="80" />
              <SequencePoints>
                <SequencePoint vc="19" uspid="1421" ordinal="0" offset="0" sl="21" sc="61" el="21" ec="65" bec="0" bev="0" fileid="80" />
              </SequencePoints>
              <BranchPoints />
              <MethodPoint xsi:type="SequencePoint" vc="19" uspid="1421" ordinal="0" offset="0" sl="21" sc="61" el="21" ec="65" bec="0" bev="0" fileid="80" />
            </Method>
            <Method visited="true" cyclomaticComplexity="1" nPathComplexity="0" sequenceCoverage="100" branchCoverage="100" isConstructor="false" isStatic="false" isGetter="false" isSetter="true">
              <Summary numSequencePoints="1" visitedSequencePoints="1" numBranchPoints="1" visitedBranchPoints="1" sequenceCoverage="100" branchCoverage="100" maxCyclomaticComplexity="1" minCyclomaticComplexity="1" visitedClasses="0" numClasses="0" visitedMethods="1" numMethods="1" />
              <MetadataToken>100663359</MetadataToken>
              <Name>System.Void SkillsTracker.DAL.Repositories.UnitOfWork::set_AssociateSkills(SkillsTracker.IRepositories.IAssociateSkillsRepository)</Name>
              <FileRef uid="80" />
              <SequencePoints>
                <SequencePoint vc="56" uspid="1422" ordinal="0" offset="0" sl="21" sc="66" el="21" ec="78" bec="0" bev="0" fileid="80" />
              </SequencePoints>
              <BranchPoints />
              <MethodPoint xsi:type="SequencePoint" vc="56" uspid="1422" ordinal="0" offset="0" sl="21" sc="66" el="21" ec="78" bec="0" bev="0" fileid="80" />
            </Method>
            <Method visited="true" cyclomaticComplexity="1" nPathComplexity="0" sequenceCoverage="100" branchCoverage="100" isConstructor="true" isStatic="false" isGetter="false" isSetter="false">
              <Summary numSequencePoints="7" visitedSequencePoints="7" numBranchPoints="1" visitedBranchPoints="1" sequenceCoverage="100" branchCoverage="100" maxCyclomaticComplexity="1" minCyclomaticComplexity="1" visitedClasses="0" numClasses="0" visitedMethods="1" numMethods="1" />
              <MetadataToken>100663353</MetadataToken>
              <Name>System.Void SkillsTracker.DAL.Repositories.UnitOfWork::.ctor(SkillsTracker.DAL.SkillsTrackerContext)</Name>
              <FileRef uid="80" />
              <SequencePoints>
                <SequencePoint vc="56" uspid="1423" ordinal="0" offset="0" sl="9" sc="9" el="9" ec="56" bec="0" bev="0" fileid="80" />
                <SequencePoint vc="56" uspid="1424" ordinal="1" offset="7" sl="10" sc="9" el="10" ec="10" bec="0" bev="0" fileid="80" />
                <SequencePoint vc="56" uspid="1425" ordinal="2" offset="8" sl="11" sc="13" el="11" ec="32" bec="0" bev="0" fileid="80" />
                <SequencePoint vc="56" uspid="1426" ordinal="3" offset="15" sl="12" sc="13" el="12" ec="52" bec="0" bev="0" fileid="80" />
                <SequencePoint vc="56" uspid="1427" ordinal="4" offset="28" sl="13" sc="13" el="13" ec="60" bec="0" bev="0" fileid="80" />
                <SequencePoint vc="56" uspid="1428" ordinal="5" offset="41" sl="14" sc="13" el="14" ec="70" bec="0" bev="0" fileid="80" />
                <SequencePoint vc="56" uspid="1429" ordinal="6" offset="54" sl="15" sc="9" el="15" ec="10" bec="0" bev="0" fileid="80" />
              </SequencePoints>
              <BranchPoints />
              <MethodPoint xsi:type="SequencePoint" vc="56" uspid="1423" ordinal="0" offset="0" sl="9" sc="9" el="9" ec="56" bec="0" bev="0" fileid="80" />
            </Method>
            <Method visited="true" cyclomaticComplexity="1" nPathComplexity="0" sequenceCoverage="100" branchCoverage="100" isConstructor="false" isStatic="false" isGetter="false" isSetter="false">
              <Summary numSequencePoints="3" visitedSequencePoints="3" numBranchPoints="1" visitedBranchPoints="1" sequenceCoverage="100" branchCoverage="100" maxCyclomaticComplexity="1" minCyclomaticComplexity="1" visitedClasses="0" numClasses="0" visitedMethods="1" numMethods="1" />
              <MetadataToken>100663360</MetadataToken>
              <Name>System.Int32 SkillsTracker.DAL.Repositories.UnitOfWork::Complete()</Name>
              <FileRef uid="80" />
              <SequencePoints>
                <SequencePoint vc="16" uspid="1430" ordinal="0" offset="0" sl="24" sc="9" el="24" ec="10" bec="0" bev="0" fileid="80" />
                <SequencePoint vc="16" uspid="1431" ordinal="1" offset="1" sl="25" sc="13" el="25" ec="43" bec="0" bev="0" fileid="80" />
                <SequencePoint vc="16" uspid="1432" ordinal="2" offset="15" sl="26" sc="9" el="26" ec="10" bec="0" bev="0" fileid="80" />
              </SequencePoints>
              <BranchPoints />
              <MethodPoint xsi:type="SequencePoint" vc="16" uspid="1430" ordinal="0" offset="0" sl="24" sc="9" el="24" ec="10" bec="0" bev="0" fileid="80" />
            </Method>
            <Method visited="true" cyclomaticComplexity="1" nPathComplexity="0" sequenceCoverage="100" branchCoverage="100" isConstructor="false" isStatic="false" isGetter="false" isSetter="false">
              <Summary numSequencePoints="3" visitedSequencePoints="3" numBranchPoints="1" visitedBranchPoints="1" sequenceCoverage="100" branchCoverage="100" maxCyclomaticComplexity="1" minCyclomaticComplexity="1" visitedClasses="0" numClasses="0" visitedMethods="1" numMethods="1" />
              <MetadataToken>100663361</MetadataToken>
              <Name>System.Void SkillsTracker.DAL.Repositories.UnitOfWork::Dispose()</Name>
              <FileRef uid="80" />
              <SequencePoints>
                <SequencePoint vc="56" uspid="1433" ordinal="0" offset="0" sl="29" sc="9" el="29" ec="10" bec="0" bev="0" fileid="80" />
                <SequencePoint vc="56" uspid="1434" ordinal="1" offset="1" sl="30" sc="13" el="30" ec="32" bec="0" bev="0" fileid="80" />
                <SequencePoint vc="56" uspid="1435" ordinal="2" offset="13" sl="31" sc="9" el="31" ec="10" bec="0" bev="0" fileid="80" />
              </SequencePoints>
              <BranchPoints />
              <MethodPoint xsi:type="SequencePoint" vc="56" uspid="1433" ordinal="0" offset="0" sl="29" sc="9" el="29" ec="10" bec="0" bev="0" fileid="80" />
            </Method>
          </Methods>
        </Class>
        <Class skippedDueTo="Filter">
          <FullName>SkillsTracker.DAL.Migrations.AddedSkillsTable</FullName>
          <Methods />
        </Class>
        <Class skippedDueTo="Filter">
          <FullName>SkillsTracker.DAL.Migrations.AddedSkillsTable/&lt;&gt;c</FullName>
          <Methods />
        </Class>
        <Class skippedDueTo="Filter">
          <FullName>SkillsTracker.DAL.Migrations.AddedAssociateTable</FullName>
          <Methods />
        </Class>
        <Class skippedDueTo="Filter">
          <FullName>SkillsTracker.DAL.Migrations.AddedAssociateTable/&lt;&gt;c</FullName>
          <Methods />
        </Class>
        <Class skippedDueTo="Filter">
          <FullName>SkillsTracker.DAL.Migrations.AddedAssociateSkillsTable</FullName>
          <Methods />
        </Class>
        <Class skippedDueTo="Filter">
          <FullName>SkillsTracker.DAL.Migrations.AddedAssociateSkillsTable/&lt;&gt;c</FullName>
          <Methods />
        </Class>
        <Class skippedDueTo="Filter">
          <FullName>SkillsTracker.DAL.Migrations.UpdatedAssociateSkillsIdColumnName</FullName>
          <Methods />
        </Class>
        <Class skippedDueTo="Filter">
          <FullName>SkillsTracker.DAL.Migrations.AddedGenderColumnToAssociateTable</FullName>
          <Methods />
        </Class>
        <Class skippedDueTo="Filter">
          <FullName>SkillsTracker.DAL.Migrations.AddedGenderColumnToAssociateTable/&lt;&gt;c</FullName>
          <Methods />
        </Class>
        <Class skippedDueTo="Filter">
          <FullName>SkillsTracker.DAL.Migrations.UpdatedRatingColumnOfAssociateSkillsTableToSkillRating</FullName>
          <Methods />
        </Class>
        <Class skippedDueTo="Filter">
          <FullName>SkillsTracker.DAL.Migrations.UpdatedRatingColumnOfAssociateSkillsTableToSkillRating/&lt;&gt;c</FullName>
          <Methods />
        </Class>
        <Class skippedDueTo="Filter">
          <FullName>SkillsTracker.DAL.Migrations.Add_sp_GetDashboardData</FullName>
          <Methods />
        </Class>
        <Class skippedDueTo="Filter">
          <FullName>SkillsTracker.DAL.Migrations.SeedingSkillsTable</FullName>
          <Methods />
        </Class>
        <Class skippedDueTo="Filter">
          <FullName>SkillsTracker.DAL.Migrations.SeedingAssociateTable</FullName>
          <Methods />
        </Class>
        <Class skippedDueTo="Filter">
          <FullName>SkillsTracker.DAL.Migrations.SeedAssociateSkillsTable</FullName>
          <Methods />
        </Class>
        <Class skippedDueTo="Filter">
          <FullName>SkillsTracker.DAL.Migrations.Configuration</FullName>
          <Methods />
        </Class>
      </Classes>
    </Module>
    <Module skippedDueTo="MissingPdb" hash="12-3F-E3-10-D1-D0-35-93-2B-65-FA-C5-00-62-09-C4-DC-D6-92-BF">
      <ModulePath>F:\VisualStudioProjects\FSD\SkillsTracker\skillstracker.tests\bin\debug\EntityFramework.dll</ModulePath>
      <ModuleTime>2017-10-23T07:45:18Z</ModuleTime>
      <ModuleName>EntityFramework</ModuleName>
      <Classes />
    </Module>
    <Module skippedDueTo="Filter" hash="93-C5-56-B6-CA-39-23-EE-93-DB-70-FC-52-78-49-D5-11-65-81-59">
      <ModulePath>C:\WINDOWS\Microsoft.Net\assembly\GAC_32\System.Transactions\v4.0_4.0.0.0__b77a5c561934e089\System.Transactions.dll</ModulePath>
      <ModuleTime>2017-09-29T13:43:16.8193906Z</ModuleTime>
      <ModuleName>System.Transactions</ModuleName>
      <Classes />
    </Module>
    <Module hash="B3-75-82-03-37-0C-24-44-19-F3-45-79-ED-60-BA-A8-A1-31-68-BA">
      <Summary numSequencePoints="0" visitedSequencePoints="0" numBranchPoints="0" visitedBranchPoints="0" sequenceCoverage="0" branchCoverage="0" maxCyclomaticComplexity="0" minCyclomaticComplexity="0" visitedClasses="0" numClasses="0" visitedMethods="0" numMethods="0" />
      <ModulePath>F:\VisualStudioProjects\FSD\SkillsTracker\skillstracker.tests\bin\debug\SkillsTracker.IRepositories.dll</ModulePath>
      <ModuleTime>2018-05-14T06:49:50.8089484Z</ModuleTime>
      <ModuleName>SkillsTracker.IRepositories</ModuleName>
      <Files />
      <Classes>
        <Class>
          <Summary numSequencePoints="0" visitedSequencePoints="0" numBranchPoints="0" visitedBranchPoints="0" sequenceCoverage="0" branchCoverage="0" maxCyclomaticComplexity="0" minCyclomaticComplexity="0" visitedClasses="0" numClasses="0" visitedMethods="0" numMethods="0" />
          <FullName>&lt;Module&gt;</FullName>
          <Methods />
        </Class>
      </Classes>
    </Module>
    <Module skippedDueTo="Filter" hash="60-E5-E9-5F-4D-0B-06-97-86-36-76-0F-33-75-D6-E2-3B-28-53-0B">
      <ModulePath>F:\VisualStudioProjects\FSD\SkillsTracker\skillstracker.tests\bin\debug\System.Web.Http.WebHost.dll</ModulePath>
      <ModuleTime>2015-01-27T22:33:46Z</ModuleTime>
      <ModuleName>System.Web.Http.WebHost</ModuleName>
      <Classes />
    </Module>
    <Module skippedDueTo="MissingPdb" hash="47-EC-0B-6F-2C-4D-26-98-90-75-0E-E0-04-60-64-E5-22-37-D0-AD">
      <ModulePath>C:\Program Files (x86)\Microsoft Visual Studio 14.0\Common7\IDE\QTAgent32_40.exe</ModulePath>
      <ModuleTime>2015-07-06T19:21:38Z</ModuleTime>
      <ModuleName>QTAgent32_40</ModuleName>
      <Classes />
    </Module>
    <Module skippedDueTo="MissingPdb" hash="59-1F-98-4F-C2-80-83-2E-DB-A5-09-F9-B7-81-89-21-BF-14-3D-76">
      <ModulePath>C:\WINDOWS\assembly\GAC_MSIL\Microsoft.VisualStudio.QualityTools.AgentObject\14.0.0.0__b03f5f7f11d50a3a\Microsoft.VisualStudio.QualityTools.AgentObject.dll</ModulePath>
      <ModuleTime>2017-12-10T05:18:57.0344785Z</ModuleTime>
      <ModuleName>Microsoft.VisualStudio.QualityTools.AgentObject</ModuleName>
      <Classes />
    </Module>
    <Module skippedDueTo="MissingPdb" hash="3B-3B-06-8C-A3-CC-F8-2A-DC-15-1E-A7-A9-99-5E-3E-2F-E0-F2-B5">
      <ModulePath>C:\WINDOWS\assembly\GAC_MSIL\Microsoft.VisualStudio.QualityTools.Tips.UnitTest.Adapter\14.0.0.0__b03f5f7f11d50a3a\Microsoft.VisualStudio.QualityTools.Tips.UnitTest.Adapter.dll</ModulePath>
      <ModuleTime>2017-12-10T05:18:58.847318Z</ModuleTime>
      <ModuleName>Microsoft.VisualStudio.QualityTools.Tips.UnitTest.Adapter</ModuleName>
      <Classes />
    </Module>
    <Module skippedDueTo="MissingPdb" hash="37-37-7A-DA-73-D4-47-18-27-60-F2-0B-63-96-18-D5-CF-DD-9F-B7">
      <ModulePath>C:\Program Files (x86)\Microsoft Visual Studio 14.0\Common7\IDE\PrivateAssemblies\Microsoft.VisualStudio.Enterprise.AspNetHelper.dll</ModulePath>
      <ModuleTime>2016-06-20T09:15:20Z</ModuleTime>
      <ModuleName>Microsoft.VisualStudio.Enterprise.AspNetHelper</ModuleName>
      <Classes />
    </Module>
    <Module skippedDueTo="MissingPdb" hash="4C-C8-46-ED-D6-9A-AC-12-E1-88-9C-10-62-C2-5E-B3-0B-57-11-4F">
      <ModulePath>C:\Program Files (x86)\Microsoft Visual Studio 14.0\Common7\IDE\EntityFramework.SqlServer.dll</ModulePath>
      <ModuleTime>2015-03-02T04:00:28Z</ModuleTime>
      <ModuleName>EntityFramework.SqlServer</ModuleName>
      <Classes />
    </Module>
    <Module skippedDueTo="MissingPdb" hash="">
      <ModulePath>RefEmit_InMemoryManifestModule</ModulePath>
      <ModuleTime>0001-01-01T00:00:00</ModuleTime>
      <ModuleName>Anonymously Hosted DynamicMethods Assembly</ModuleName>
      <Classes />
    </Module>
    <Module skippedDueTo="Filter" hash="DF-0F-BE-45-C8-EF-58-B5-1E-D0-A8-EE-14-42-1D-21-C8-59-A6-91">
      <ModulePath>C:\WINDOWS\Microsoft.Net\assembly\GAC_32\System.Data.OracleClient\v4.0_4.0.0.0__b77a5c561934e089\System.Data.OracleClient.dll</ModulePath>
      <ModuleTime>2017-09-29T13:43:17.9601063Z</ModuleTime>
      <ModuleName>System.Data.OracleClient</ModuleName>
      <Classes />
    </Module>
    <Module skippedDueTo="Filter" hash="3D-4E-36-38-4C-F7-1C-61-A1-10-93-60-E6-9F-83-66-67-02-09-DA">
      <ModulePath>C:\WINDOWS\Microsoft.Net\assembly\GAC_32\System.EnterpriseServices\v4.0_4.0.0.0__b03f5f7f11d50a3a\System.EnterpriseServices.dll</ModulePath>
      <ModuleTime>2017-09-29T13:43:17.8350956Z</ModuleTime>
      <ModuleName>System.EnterpriseServices</ModuleName>
      <Classes />
    </Module>
  </Modules>
</CoverageSession>